Watching for file changes with StatReloader
Waiting for apps ready_event.
Apps ready_event triggered. Sending autoreload_started signal.
Watching dir C:\Users\abbas\PycharmProjects\PhoenixFamily\templates with glob **/*.
Watching dir C:\Users\abbas\PycharmProjects\PhoenixFamily\locale with glob **/*.mo.
Watching dir C:\Users\abbas\PycharmProjects\PhoenixFamily\Home\locale with glob **/*.mo.
Watching dir C:\Users\abbas\PycharmProjects\PhoenixFamily\About\locale with glob **/*.mo.
Watching dir C:\Users\abbas\PycharmProjects\PhoenixFamily\Blog\locale with glob **/*.mo.
Watching dir C:\Users\abbas\PycharmProjects\PhoenixFamily\Contact\locale with glob **/*.mo.
Watching dir C:\Users\abbas\PycharmProjects\PhoenixFamily\Product\locale with glob **/*.mo.
Watching dir C:\Users\abbas\PycharmProjects\PhoenixFamily\User\locale with glob **/*.mo.
Watching dir C:\Users\abbas\PycharmProjects\PhoenixFamily\locale with glob **/*.mo.
(0.000) 
            SELECT name, type FROM sqlite_master
            WHERE type in ('table', 'view') AND NOT name='sqlite_sequence'
            ORDER BY name; args=None; alias=default
(0.000) SELECT "django_migrations"."id", "django_migrations"."app", "django_migrations"."name", "django_migrations"."applied" FROM "django_migrations"; args=(); alias=default
File C:\Users\abbas\PycharmProjects\PhoenixFamily\venv\Lib\site-packages\django\contrib\staticfiles\finders.py first seen with mtime 1732376606.8176548
File C:\Users\abbas\PycharmProjects\PhoenixFamily\venv\Lib\site-packages\django\core\files\base.py first seen with mtime 1732376606.8806279
File C:\Users\abbas\PycharmProjects\PhoenixFamily\Home\apps.py first seen with mtime 1732376707.539675
File C:\Users\abbas\PycharmProjects\PhoenixFamily\venv\Lib\site-packages\django\views\decorators\common.py first seen with mtime 1732376607.4117115
File C:\Users\abbas\PycharmProjects\PhoenixFamily\venv\Lib\site-packages\sqlparse\filters\reindent.py first seen with mtime 1732376602.0825987
File C:\Users\abbas\AppData\Local\Programs\Python\Python39\Lib\bisect.py first seen with mtime 1652793310.0
File C:\Users\abbas\PycharmProjects\PhoenixFamily\Contact\forms.py first seen with mtime 1732966596.9604352
File C:\Users\abbas\PycharmProjects\PhoenixFamily\venv\Lib\site-packages\django\utils\itercompat.py first seen with mtime 1732376607.3639805
File C:\Users\abbas\AppData\Local\Programs\Python\Python39\Lib\asyncio\threads.py first seen with mtime 1652793310.0
File C:\Users\abbas\PycharmProjects\PhoenixFamily\venv\Lib\site-packages\django\contrib\admin\views\autocomplete.py first seen with mtime 1732376603.5662405
File C:\Users\abbas\AppData\Local\Programs\Python\Python39\Lib\contextvars.py first seen with mtime 1652793310.0
File C:\Users\abbas\PycharmProjects\PhoenixFamily\venv\Lib\site-packages\django\db\models\aggregates.py first seen with mtime 1732376607.062845
File C:\Users\abbas\PycharmProjects\PhoenixFamily\venv\Lib\site-packages\django\contrib\contenttypes\admin.py first seen with mtime 1732376604.2365594
File C:\Users\abbas\AppData\Local\Programs\Python\Python39\Lib\wsgiref\simple_server.py first seen with mtime 1652793312.0
File C:\Users\abbas\PycharmProjects\PhoenixFamily\venv\Lib\site-packages\django\contrib\contenttypes\fields.py first seen with mtime 1732376604.240994
File C:\Users\abbas\PycharmProjects\PhoenixFamily\venv\Lib\site-packages\django\http\request.py first seen with mtime 1732376607.239453
File C:\Users\abbas\PycharmProjects\PhoenixFamily\venv\Lib\site-packages\django\template\base.py first seen with mtime 1732376607.2553437
File C:\Users\abbas\PycharmProjects\PhoenixFamily\venv\Lib\site-packages\django\contrib\admindocs\__init__.py first seen with mtime 1732376603.5688815
File C:\Users\abbas\PycharmProjects\PhoenixFamily\venv\Lib\site-packages\rest_framework\schemas\__init__.py first seen with mtime 1732966702.681891
File C:\Users\abbas\PycharmProjects\PhoenixFamily\venv\Lib\site-packages\django\db\backends\base\features.py first seen with mtime 1732376606.9776042
File C:\Users\abbas\AppData\Local\Programs\Python\Python39\DLLs\_overlapped.pyd first seen with mtime 1652793362.0
File C:\Users\abbas\AppData\Local\Programs\Python\Python39\Lib\string.py first seen with mtime 1652793310.0
File C:\Users\abbas\AppData\Local\Programs\Python\Python39\Lib\platform.py first seen with mtime 1652793310.0
File C:\Users\abbas\AppData\Local\Programs\Python\Python39\Lib\lzma.py first seen with mtime 1652793310.0
File C:\Users\abbas\AppData\Local\Programs\Python\Python39\Lib\asyncio\proactor_events.py first seen with mtime 1652793310.0
File C:\Users\abbas\PycharmProjects\PhoenixFamily\venv\Lib\site-packages\django\core\signing.py first seen with mtime 1732376606.8442574
File C:\Users\abbas\PycharmProjects\PhoenixFamily\venv\Lib\site-packages\typing_extensions.py first seen with mtime 1732376602.0142038
File C:\Users\abbas\PycharmProjects\PhoenixFamily\venv\Lib\site-packages\rest_framework\utils\field_mapping.py first seen with mtime 1732966702.8493342
File C:\Users\abbas\PycharmProjects\PhoenixFamily\venv\Lib\site-packages\django\utils\text.py first seen with mtime 1732376607.387004
File C:\Users\abbas\PycharmProjects\PhoenixFamily\venv\Lib\site-packages\django\contrib\postgres\__init__.py first seen with mtime 1732376605.5943918
File C:\Users\abbas\PycharmProjects\PhoenixFamily\venv\Lib\site-packages\django\core\validators.py first seen with mtime 1732376606.8452587
File C:\Users\abbas\PycharmProjects\PhoenixFamily\venv\Lib\site-packages\sqlparse\formatter.py first seen with mtime 1732376602.0665076
File C:\Users\abbas\PycharmProjects\PhoenixFamily\venv\Lib\site-packages\rest_framework\serializers.py first seen with mtime 1732966702.5283039
File C:\Users\abbas\PycharmProjects\PhoenixFamily\venv\Lib\site-packages\django\templatetags\l10n.py first seen with mtime 1732376607.2937984
File C:\Users\abbas\AppData\Local\Programs\Python\Python39\Lib\http\server.py first seen with mtime 1652793310.0
File C:\Users\abbas\PycharmProjects\PhoenixFamily\venv\Lib\site-packages\django\contrib\staticfiles\management\commands\__init__.py first seen with mtime 1732376606.8286233
File C:\Users\abbas\PycharmProjects\PhoenixFamily\venv\Lib\site-packages\django\contrib\admin\templatetags\admin_list.py first seen with mtime 1732376603.559474
File C:\Users\abbas\AppData\Local\Programs\Python\Python39\Lib\site.py first seen with mtime 1652793310.0
File C:\Users\abbas\PycharmProjects\PhoenixFamily\venv\Lib\site-packages\django\conf\urls\i18n.py first seen with mtime 1732376602.7426598
File C:\Users\abbas\AppData\Local\Programs\Python\Python39\Lib\collections\abc.py first seen with mtime 1652793310.0
File C:\Users\abbas\PycharmProjects\PhoenixFamily\Blog\urls.py first seen with mtime 1732647945.748484
File C:\Users\abbas\PycharmProjects\PhoenixFamily\venv\Lib\site-packages\django\db\backends\__init__.py first seen with mtime 1732376606.9686122
File C:\Users\abbas\PycharmProjects\PhoenixFamily\venv\Lib\site-packages\django\contrib\messages\utils.py first seen with mtime 1732376605.5858989
File C:\Users\abbas\PycharmProjects\PhoenixFamily\venv\Lib\site-packages\sqlparse\keywords.py first seen with mtime 1732376602.068058
File C:\Users\abbas\AppData\Local\Programs\Python\Python39\Lib\mimetypes.py first seen with mtime 1652793310.0
File C:\Users\abbas\PycharmProjects\PhoenixFamily\venv\Lib\site-packages\django\db\backends\sqlite3\features.py first seen with mtime 1732376607.0287755
File C:\Users\abbas\PycharmProjects\PhoenixFamily\venv\Lib\site-packages\django\apps\registry.py first seen with mtime 1732376602.3026295
File C:\Users\abbas\PycharmProjects\PhoenixFamily\venv\Lib\site-packages\django\contrib\auth\password_validation.py first seen with mtime 1732376603.906675
File C:\Users\abbas\PycharmProjects\PhoenixFamily\venv\Lib\site-packages\django\core\serializers\__init__.py first seen with mtime 1732376606.9546895
File C:\Users\abbas\PycharmProjects\PhoenixFamily\venv\Lib\site-packages\django\contrib\contenttypes\__init__.py first seen with mtime 1732376604.234553
File C:\Users\abbas\PycharmProjects\PhoenixFamily\venv\Lib\site-packages\django\__init__.py first seen with mtime 1732376602.297331
File C:\Users\abbas\AppData\Local\Programs\Python\Python39\DLLs\_lzma.pyd first seen with mtime 1652793362.0
File C:\Users\abbas\PycharmProjects\PhoenixFamily\venv\Lib\site-packages\django\core\handlers\__init__.py first seen with mtime 1732376606.8943598
File C:\Users\abbas\PycharmProjects\PhoenixFamily\venv\Lib\site-packages\django\template\loaders\__init__.py first seen with mtime 1732376607.2827003
File C:\Users\abbas\AppData\Local\Programs\Python\Python39\Lib\email\_encoded_words.py first seen with mtime 1652793310.0
File C:\Users\abbas\PycharmProjects\PhoenixFamily\venv\Lib\site-packages\sqlparse\tokens.py first seen with mtime 1732376602.0712109
File C:\Users\abbas\PycharmProjects\PhoenixFamily\Product\views.py first seen with mtime 1732649541.9797702
File C:\Users\abbas\PycharmProjects\PhoenixFamily\venv\Lib\site-packages\django\db\models\fields\json.py first seen with mtime 1732376607.0850883
File C:\Users\abbas\AppData\Local\Programs\Python\Python39\Lib\ssl.py first seen with mtime 1652793310.0
File C:\Users\abbas\PycharmProjects\PhoenixFamily\venv\Lib\site-packages\django\conf\urls\__init__.py first seen with mtime 1732376602.7415273
File C:\Users\abbas\PycharmProjects\PhoenixFamily\venv\Lib\site-packages\rest_framework\request.py first seen with mtime 1732966702.5242727
File C:\Users\abbas\AppData\Local\Programs\Python\Python39\Lib\encodings\__init__.py first seen with mtime 1652793310.0
File C:\Users\abbas\AppData\Local\Programs\Python\Python39\Lib\hashlib.py first seen with mtime 1652793310.0
File C:\Users\abbas\PycharmProjects\PhoenixFamily\venv\Lib\site-packages\django\contrib\auth\hashers.py first seen with mtime 1732376603.902646
File C:\Users\abbas\PycharmProjects\PhoenixFamily\venv\Lib\site-packages\django\contrib\messages\apps.py first seen with mtime 1732376605.5800414
File C:\Users\abbas\PycharmProjects\PhoenixFamily\venv\Lib\site-packages\django\utils\connection.py first seen with mtime 1732376607.3253868
File C:\Users\abbas\PycharmProjects\PhoenixFamily\venv\Lib\site-packages\django\utils\numberformat.py first seen with mtime 1732376607.376946
File C:\Users\abbas\PycharmProjects\PhoenixFamily\venv\Lib\site-packages\django\urls\exceptions.py first seen with mtime 1732376607.3133316
File C:\Users\abbas\PycharmProjects\PhoenixFamily\venv\Lib\site-packages\rest_framework\validators.py first seen with mtime 1732966702.5382814
File C:\Users\abbas\PycharmProjects\PhoenixFamily\Home\admin.py first seen with mtime 1732376707.539675
File C:\Users\abbas\PycharmProjects\PhoenixFamily\venv\Lib\site-packages\rest_framework\relations.py first seen with mtime 1732966702.5212297
File C:\Users\abbas\PycharmProjects\PhoenixFamily\venv\Lib\site-packages\_virtualenv.py first seen with mtime 1732376576.6820836
File C:\Users\abbas\PycharmProjects\PhoenixFamily\venv\Lib\site-packages\django\core\files\storage\__init__.py first seen with mtime 1732376606.888564
File C:\Users\abbas\PycharmProjects\PhoenixFamily\venv\Lib\site-packages\sqlparse\engine\filter_stack.py first seen with mtime 1732376602.0748615
File C:\Users\abbas\PycharmProjects\PhoenixFamily\venv\Lib\site-packages\django\contrib\admin\checks.py first seen with mtime 1732376602.7493317
File C:\Users\abbas\PycharmProjects\PhoenixFamily\venv\Lib\site-packages\django\db\models\base.py first seen with mtime 1732376607.0639646
File C:\Users\abbas\AppData\Local\Programs\Python\Python39\Lib\asyncio\events.py first seen with mtime 1652793310.0
File C:\Users\abbas\PycharmProjects\PhoenixFamily\venv\Lib\site-packages\django\contrib\staticfiles\apps.py first seen with mtime 1732376606.8153958
File C:\Users\abbas\PycharmProjects\PhoenixFamily\Product\urls.py first seen with mtime 1732647945.7569327
File C:\Users\abbas\PycharmProjects\PhoenixFamily\venv\Lib\site-packages\django\utils\formats.py first seen with mtime 1732376607.3403938
File C:\Users\abbas\PycharmProjects\PhoenixFamily\venv\Lib\site-packages\django\utils\deconstruct.py first seen with mtime 1732376607.3329809
File C:\Users\abbas\AppData\Local\Programs\Python\Python39\Lib\asyncio\base_events.py first seen with mtime 1652793310.0
File C:\Users\abbas\PycharmProjects\PhoenixFamily\venv\Lib\site-packages\django\core\files\temp.py first seen with mtime 1732376606.8840923
File C:\Users\abbas\AppData\Local\Programs\Python\Python39\DLLs\unicodedata.pyd first seen with mtime 1652793364.0
File C:\Users\abbas\AppData\Local\Programs\Python\Python39\DLLs\_socket.pyd first seen with mtime 1652793362.0
File C:\Users\abbas\PycharmProjects\PhoenixFamily\venv\Lib\site-packages\django\contrib\admin\filters.py first seen with mtime 1732376602.753407
File C:\Users\abbas\PycharmProjects\PhoenixFamily\venv\Lib\site-packages\django\middleware\__init__.py first seen with mtime 1732376607.2418115
File C:\Users\abbas\PycharmProjects\PhoenixFamily\venv\Lib\site-packages\django\utils\translation\__init__.py first seen with mtime 1732376607.396819
File C:\Users\abbas\AppData\Local\Programs\Python\Python39\Lib\os.py first seen with mtime 1652793310.0
File C:\Users\abbas\PycharmProjects\PhoenixFamily\venv\Lib\site-packages\rest_framework\views.py first seen with mtime 1732966702.5403209
File C:\Users\abbas\PycharmProjects\PhoenixFamily\venv\Lib\site-packages\django\contrib\admindocs\utils.py first seen with mtime 1732376603.5742865
File C:\Users\abbas\AppData\Local\Programs\Python\Python39\Lib\asyncio\windows_utils.py first seen with mtime 1652793310.0
File C:\Users\abbas\PycharmProjects\PhoenixFamily\venv\Lib\site-packages\django\core\checks\database.py first seen with mtime 1732376606.8635736
File C:\Users\abbas\AppData\Local\Programs\Python\Python39\DLLs\_hashlib.pyd first seen with mtime 1652793362.0
File C:\Users\abbas\PycharmProjects\PhoenixFamily\venv\Lib\site-packages\django\db\models\fields\proxy.py first seen with mtime 1732376607.0875504
File C:\Users\abbas\PycharmProjects\PhoenixFamily\venv\Lib\site-packages\django\template\autoreload.py first seen with mtime 1732376607.254314
File C:\Users\abbas\PycharmProjects\PhoenixFamily\venv\Lib\site-packages\django\http\__init__.py first seen with mtime 1732376607.2359657
File C:\Users\abbas\AppData\Local\Programs\Python\Python39\Lib\multiprocessing\context.py first seen with mtime 1652793310.0
File C:\Users\abbas\AppData\Local\Programs\Python\Python39\Lib\encodings\utf_8.py first seen with mtime 1652793310.0
File C:\Users\abbas\AppData\Local\Programs\Python\Python39\Lib\asyncio\trsock.py first seen with mtime 1652793310.0
File C:\Users\abbas\AppData\Local\Programs\Python\Python39\Lib\_compat_pickle.py first seen with mtime 1652793310.0
File C:\Users\abbas\PycharmProjects\PhoenixFamily\venv\Lib\site-packages\django\contrib\postgres\utils.py first seen with mtime 1732376605.6083615
File C:\Users\abbas\PycharmProjects\PhoenixFamily\venv\Lib\site-packages\django\db\backends\base\client.py first seen with mtime 1732376606.975022
File C:\Users\abbas\AppData\Local\Programs\Python\Python39\Lib\warnings.py first seen with mtime 1652793312.0
File C:\Users\abbas\PycharmProjects\PhoenixFamily\venv\Lib\site-packages\django\utils\encoding.py first seen with mtime 1732376607.338184
File C:\Users\abbas\PycharmProjects\PhoenixFamily\venv\Lib\site-packages\django\db\models\enums.py first seen with mtime 1732376607.0698287
File C:\Users\abbas\PycharmProjects\PhoenixFamily\venv\Lib\site-packages\sqlparse\engine\statement_splitter.py first seen with mtime 1732376602.076923
File C:\Users\abbas\PycharmProjects\PhoenixFamily\Home\__init__.py first seen with mtime 1732376707.5561788
File C:\Users\abbas\PycharmProjects\PhoenixFamily\venv\Lib\site-packages\sqlparse\__init__.py first seen with mtime 1732376602.0614579
File C:\Users\abbas\PycharmProjects\PhoenixFamily\venv\Lib\site-packages\django\template\loaders\filesystem.py first seen with mtime 1732376607.2878423
File C:\Users\abbas\PycharmProjects\PhoenixFamily\venv\Lib\site-packages\rest_framework\utils\__init__.py first seen with mtime 1732966702.8453348
File C:\Users\abbas\PycharmProjects\PhoenixFamily\venv\Lib\site-packages\django\utils\datastructures.py first seen with mtime 1732376607.327543
File C:\Users\abbas\PycharmProjects\PhoenixFamily\venv\Lib\site-packages\django\utils\ipv6.py first seen with mtime 1732376607.3584049
File C:\Users\abbas\PycharmProjects\PhoenixFamily\venv\Lib\site-packages\django\db\models\options.py first seen with mtime 1732376607.0761318
File C:\Users\abbas\PycharmProjects\PhoenixFamily\venv\Lib\site-packages\django\views\generic\edit.py first seen with mtime 1732376607.4248643
File C:\Users\abbas\AppData\Local\Programs\Python\Python39\Lib\asyncio\subprocess.py first seen with mtime 1652793310.0
File C:\Users\abbas\AppData\Local\Programs\Python\Python39\Lib\ctypes\_endian.py first seen with mtime 1652793310.0
File C:\Users\abbas\AppData\Local\Programs\Python\Python39\Lib\wsgiref\handlers.py first seen with mtime 1652793312.0
File C:\Users\abbas\AppData\Local\Programs\Python\Python39\DLLs\_sqlite3.pyd first seen with mtime 1652793362.0
File C:\Users\abbas\PycharmProjects\PhoenixFamily\venv\Lib\site-packages\django\contrib\admin\options.py first seen with mtime 1732376602.7585871
File C:\Users\abbas\PycharmProjects\PhoenixFamily\venv\Lib\site-packages\django\db\backends\utils.py first seen with mtime 1732376606.9719398
File C:\Users\abbas\AppData\Local\Programs\Python\Python39\Lib\queue.py first seen with mtime 1652793310.0
File C:\Users\abbas\PycharmProjects\PhoenixFamily\venv\Lib\site-packages\django\contrib\admin\actions.py first seen with mtime 1732376602.74733
File C:\Users\abbas\PycharmProjects\PhoenixFamily\venv\Lib\site-packages\django\contrib\sessions\models.py first seen with mtime 1732376606.1419284
File C:\Users\abbas\AppData\Local\Programs\Python\Python39\Lib\_markupbase.py first seen with mtime 1652793310.0
File C:\Users\abbas\AppData\Local\Programs\Python\Python39\Lib\decimal.py first seen with mtime 1652793310.0
File C:\Users\abbas\PycharmProjects\PhoenixFamily\About\views.py first seen with mtime 1732649542.0047052
File C:\Users\abbas\PycharmProjects\PhoenixFamily\venv\Lib\site-packages\django\conf\global_settings.py first seen with mtime 1732376602.3046682
File C:\Users\abbas\AppData\Local\Programs\Python\Python39\Lib\html\__init__.py first seen with mtime 1652793310.0
File C:\Users\abbas\AppData\Local\Programs\Python\Python39\Lib\inspect.py first seen with mtime 1652793310.0
File C:\Users\abbas\PycharmProjects\PhoenixFamily\venv\Lib\site-packages\django\forms\formsets.py first seen with mtime 1732376607.1190386
File C:\Users\abbas\PycharmProjects\PhoenixFamily\venv\Lib\site-packages\django\core\files\storage\filesystem.py first seen with mtime 1732376606.8911726
File C:\Users\abbas\AppData\Local\Programs\Python\Python39\Lib\concurrent\futures\_base.py first seen with mtime 1652793310.0
File C:\Users\abbas\PycharmProjects\PhoenixFamily\venv\Lib\site-packages\django\utils\regex_helper.py first seen with mtime 1732376607.3791401
File C:\Users\abbas\AppData\Local\Programs\Python\Python39\Lib\importlib\__init__.py first seen with mtime 1652793310.0
File C:\Users\abbas\AppData\Local\Programs\Python\Python39\Lib\ntpath.py first seen with mtime 1652793310.0
File C:\Users\abbas\PycharmProjects\PhoenixFamily\venv\Lib\site-packages\django\contrib\auth\checks.py first seen with mtime 1732376603.8956654
File C:\Users\abbas\AppData\Local\Programs\Python\Python39\Lib\encodings\latin_1.py first seen with mtime 1652793310.0
File C:\Users\abbas\AppData\Local\Programs\Python\Python39\Lib\_weakrefset.py first seen with mtime 1652793310.0
File C:\Users\abbas\PycharmProjects\PhoenixFamily\venv\Lib\site-packages\django\contrib\auth\validators.py first seen with mtime 1732376603.9120562
File C:\Users\abbas\PycharmProjects\PhoenixFamily\venv\Lib\site-packages\django\db\models\functions\window.py first seen with mtime 1732376607.099852
File C:\Users\abbas\PycharmProjects\PhoenixFamily\venv\Lib\site-packages\django\db\backends\sqlite3\client.py first seen with mtime 1732376607.0257735
File C:\Users\abbas\PycharmProjects\PhoenixFamily\venv\Lib\site-packages\django\templatetags\static.py first seen with mtime 1732376607.2951074
File C:\Users\abbas\AppData\Local\Programs\Python\Python39\Lib\asyncio\runners.py first seen with mtime 1652793310.0
File C:\Users\abbas\AppData\Local\Programs\Python\Python39\Lib\email\mime\nonmultipart.py first seen with mtime 1652793310.0
File C:\Users\abbas\PycharmProjects\PhoenixFamily\Product\models.py first seen with mtime 1732376746.1761494
File C:\Users\abbas\PycharmProjects\PhoenixFamily\venv\Lib\site-packages\rest_framework\schemas\generators.py first seen with mtime 1732966702.685406
File C:\Users\abbas\PycharmProjects\PhoenixFamily\venv\Lib\site-packages\django\contrib\sites\management.py first seen with mtime 1732376606.4835134
File C:\Users\abbas\PycharmProjects\PhoenixFamily\About\urls.py first seen with mtime 1732647945.7570336
File C:\Users\abbas\AppData\Local\Programs\Python\Python39\Lib\email\mime\__init__.py first seen with mtime 1652793310.0
File C:\Users\abbas\PycharmProjects\PhoenixFamily\venv\Lib\site-packages\django\contrib\contenttypes\apps.py first seen with mtime 1732376604.237561
File C:\Users\abbas\PycharmProjects\PhoenixFamily\venv\Lib\site-packages\django\db\migrations\operations\models.py first seen with mtime 1732376607.0591094
File C:\Users\abbas\PycharmProjects\PhoenixFamily\venv\Lib\site-packages\rest_framework\utils\representation.py first seen with mtime 1732966702.858864
File C:\Users\abbas\PycharmProjects\PhoenixFamily\venv\Lib\site-packages\django\utils\timesince.py first seen with mtime 1732376607.3882074
File C:\Users\abbas\PycharmProjects\PhoenixFamily\venv\Lib\site-packages\django\template\exceptions.py first seen with mtime 1732376607.2636886
File C:\Users\abbas\PycharmProjects\PhoenixFamily\venv\Lib\site-packages\django\utils\dates.py first seen with mtime 1732376607.330922
File C:\Users\abbas\PycharmProjects\PhoenixFamily\venv\Lib\site-packages\django\templatetags\tz.py first seen with mtime 1732376607.2962608
File C:\Users\abbas\PycharmProjects\PhoenixFamily\venv\Lib\site-packages\django\utils\timezone.py first seen with mtime 1732376607.3892183
File C:\Users\abbas\AppData\Local\Programs\Python\Python39\Lib\sqlite3\dbapi2.py first seen with mtime 1652793310.0
File C:\Users\abbas\PycharmProjects\PhoenixFamily\User\__init__.py first seen with mtime 1732376955.7752962
File C:\Users\abbas\PycharmProjects\PhoenixFamily\venv\Lib\site-packages\django\core\servers\__init__.py first seen with mtime 1732376606.9634397
File C:\Users\abbas\AppData\Local\Programs\Python\Python39\Lib\email\_policybase.py first seen with mtime 1652793310.0
File C:\Users\abbas\PycharmProjects\PhoenixFamily\venv\Lib\site-packages\rest_framework\utils\formatting.py first seen with mtime 1732966702.8503358
File C:\Users\abbas\PycharmProjects\PhoenixFamily\venv\Lib\site-packages\django\contrib\sitemaps\apps.py first seen with mtime 1732376606.469882
File C:\Users\abbas\AppData\Local\Programs\Python\Python39\Lib\asyncio\base_futures.py first seen with mtime 1652793310.0
File C:\Users\abbas\AppData\Local\Programs\Python\Python39\Lib\asyncio\queues.py first seen with mtime 1652793310.0
File C:\Users\abbas\PycharmProjects\PhoenixFamily\venv\Lib\site-packages\django\db\models\sql\subqueries.py first seen with mtime 1732376607.1073606
File C:\Users\abbas\PycharmProjects\PhoenixFamily\venv\Lib\site-packages\django\db\models\fields\reverse_related.py first seen with mtime 1732376607.0939584
File C:\Users\abbas\AppData\Local\Programs\Python\Python39\Lib\urllib\parse.py first seen with mtime 1652793312.0
File C:\Users\abbas\PycharmProjects\PhoenixFamily\venv\Lib\site-packages\asgiref\local.py first seen with mtime 1732376602.1923447
File C:\Users\abbas\PycharmProjects\PhoenixFamily\venv\Lib\site-packages\rest_framework\mixins.py first seen with mtime 1732966702.5142293
File C:\Users\abbas\AppData\Local\Programs\Python\Python39\Lib\sqlite3\__init__.py first seen with mtime 1652793310.0
File C:\Users\abbas\PycharmProjects\PhoenixFamily\venv\Lib\site-packages\django\db\models\functions\text.py first seen with mtime 1732376607.099852
File C:\Users\abbas\PycharmProjects\PhoenixFamily\venv\Lib\site-packages\django\contrib\admin\models.py first seen with mtime 1732376602.7564113
File C:\Users\abbas\PycharmProjects\PhoenixFamily\Blog\apps.py first seen with mtime 1732647534.546916
File C:\Users\abbas\AppData\Local\Programs\Python\Python39\Lib\urllib\response.py first seen with mtime 1652793312.0
File C:\Users\abbas\AppData\Local\Programs\Python\Python39\Lib\token.py first seen with mtime 1652793312.0
File C:\Users\abbas\PycharmProjects\PhoenixFamily\venv\Lib\site-packages\django\contrib\sites\apps.py first seen with mtime 1732376606.4815032
File C:\Users\abbas\AppData\Local\Programs\Python\Python39\Lib\zoneinfo\_common.py first seen with mtime 1652793312.0
File C:\Users\abbas\PycharmProjects\PhoenixFamily\venv\Lib\site-packages\django\views\generic\__init__.py first seen with mtime 1732376607.420415
File C:\Users\abbas\PycharmProjects\PhoenixFamily\venv\Lib\site-packages\django\middleware\security.py first seen with mtime 1732376607.2518241
File C:\Users\abbas\AppData\Local\Programs\Python\Python39\Lib\uu.py first seen with mtime 1652793312.0
File C:\Users\abbas\PycharmProjects\PhoenixFamily\venv\Lib\site-packages\django\templatetags\i18n.py first seen with mtime 1732376607.292489
File C:\Users\abbas\PycharmProjects\PhoenixFamily\venv\Lib\site-packages\django\views\generic\list.py first seen with mtime 1732376607.4261012
File C:\Users\abbas\PycharmProjects\PhoenixFamily\venv\Lib\site-packages\django\db\models\functions\mixins.py first seen with mtime 1732376607.0988443
File C:\Users\abbas\PycharmProjects\PhoenixFamily\venv\Lib\site-packages\django\template\context.py first seen with mtime 1732376607.2574756
File C:\Users\abbas\AppData\Local\Programs\Python\Python39\DLLs\_uuid.pyd first seen with mtime 1652793362.0
File C:\Users\abbas\PycharmProjects\PhoenixFamily\venv\Lib\site-packages\sqlparse\utils.py first seen with mtime 1732376602.0723839
File C:\Users\abbas\PycharmProjects\PhoenixFamily\venv\Lib\site-packages\django\apps\config.py first seen with mtime 1732376602.30163
File C:\Users\abbas\AppData\Local\Programs\Python\Python39\Lib\logging\__init__.py first seen with mtime 1652793310.0
File C:\Users\abbas\PycharmProjects\PhoenixFamily\venv\Lib\site-packages\django\contrib\admin\templatetags\__init__.py first seen with mtime 1732376603.5574217
File C:\Users\abbas\AppData\Local\Programs\Python\Python39\Lib\json\encoder.py first seen with mtime 1652793310.0
File C:\Users\abbas\PycharmProjects\PhoenixFamily\venv\Lib\site-packages\django\template\backends\base.py first seen with mtime 1732376607.2775233
File C:\Users\abbas\AppData\Local\Programs\Python\Python39\Lib\re.py first seen with mtime 1652793310.0
File C:\Users\abbas\PycharmProjects\PhoenixFamily\venv\Lib\site-packages\django\contrib\staticfiles\__init__.py first seen with mtime 1732376606.814396
File C:\Users\abbas\AppData\Local\Programs\Python\Python39\Lib\traceback.py first seen with mtime 1652793312.0
File C:\Users\abbas\PycharmProjects\PhoenixFamily\venv\Lib\site-packages\django\middleware\csrf.py first seen with mtime 1732376607.2477353
File C:\Users\abbas\AppData\Local\Programs\Python\Python39\Lib\calendar.py first seen with mtime 1652793310.0
File C:\Users\abbas\PycharmProjects\PhoenixFamily\venv\Lib\site-packages\django\core\files\storage\memory.py first seen with mtime 1732376606.8921795
File C:\Users\abbas\PycharmProjects\PhoenixFamily\venv\Lib\site-packages\django\contrib\messages\storage\base.py first seen with mtime 1732376605.589672
File C:\Users\abbas\PycharmProjects\PhoenixFamily\venv\Lib\site-packages\django\contrib\sessions\middleware.py first seen with mtime 1732376606.1406496
File C:\Users\abbas\PycharmProjects\PhoenixFamily\venv\Lib\site-packages\django\template\response.py first seen with mtime 1732376607.272652
File C:\Users\abbas\AppData\Local\Programs\Python\Python39\Lib\email\_parseaddr.py first seen with mtime 1652793310.0
File C:\Users\abbas\PycharmProjects\PhoenixFamily\About\models.py first seen with mtime 1732376933.1152847
File C:\Users\abbas\PycharmProjects\PhoenixFamily\venv\Lib\site-packages\django\core\cache\utils.py first seen with mtime 1732376606.8482587
File C:\Users\abbas\PycharmProjects\PhoenixFamily\venv\Lib\site-packages\django\db\backends\base\creation.py first seen with mtime 1732376606.9762614
File C:\Users\abbas\PycharmProjects\PhoenixFamily\venv\Lib\site-packages\django\utils\crypto.py first seen with mtime 1732376607.3264377
File C:\Users\abbas\AppData\Local\Programs\Python\Python39\Lib\subprocess.py first seen with mtime 1652793310.0
File C:\Users\abbas\PycharmProjects\PhoenixFamily\venv\Lib\site-packages\sqlparse\filters\aligned_indent.py first seen with mtime 1732376602.0795124
File C:\Users\abbas\PycharmProjects\PhoenixFamily\venv\Lib\site-packages\rest_framework\exceptions.py first seen with mtime 1732966702.507628
File C:\Users\abbas\AppData\Local\Programs\Python\Python39\Lib\functools.py first seen with mtime 1652793310.0
File C:\Users\abbas\PycharmProjects\PhoenixFamily\venv\Lib\site-packages\django\http\response.py first seen with mtime 1732376607.2405994
File C:\Users\abbas\PycharmProjects\PhoenixFamily\venv\Lib\site-packages\django\db\migrations\migration.py first seen with mtime 1732376607.043253
File C:\Users\abbas\PycharmProjects\PhoenixFamily\venv\Lib\site-packages\django\contrib\contenttypes\checks.py first seen with mtime 1732376604.2386405
File C:\Users\abbas\PycharmProjects\PhoenixFamily\venv\Lib\site-packages\django\templatetags\cache.py first seen with mtime 1732376607.29137
File C:\Users\abbas\AppData\Local\Programs\Python\Python39\Lib\multiprocessing\__init__.py first seen with mtime 1652793310.0
File C:\Users\abbas\AppData\Local\Programs\Python\Python39\Lib\stat.py first seen with mtime 1652793310.0
File C:\Users\abbas\PycharmProjects\PhoenixFamily\venv\Lib\site-packages\django\contrib\admin\templatetags\log.py first seen with mtime 1732376603.5637379
File C:\Users\abbas\AppData\Local\Programs\Python\Python39\Lib\email\mime\message.py first seen with mtime 1652793310.0
File C:\Users\abbas\PycharmProjects\PhoenixFamily\venv\Lib\site-packages\django\db\models\expressions.py first seen with mtime 1732376607.0716069
File C:\Users\abbas\PycharmProjects\PhoenixFamily\venv\Lib\site-packages\django\urls\__init__.py first seen with mtime 1732376607.3086102
File C:\Users\abbas\PycharmProjects\PhoenixFamily\venv\Lib\site-packages\django\views\decorators\cache.py first seen with mtime 1732376607.4107115
File C:\Users\abbas\PycharmProjects\PhoenixFamily\venv\Lib\site-packages\django\contrib\humanize\templatetags\humanize.py first seen with mtime 1732376605.5753045
File C:\Users\abbas\PycharmProjects\PhoenixFamily\Contact\apps.py first seen with mtime 1732376924.3578715
File C:\Users\abbas\AppData\Local\Programs\Python\Python39\Lib\importlib\util.py first seen with mtime 1652793310.0
File C:\Users\abbas\PycharmProjects\PhoenixFamily\venv\Lib\site-packages\django\contrib\postgres\search.py first seen with mtime 1732376605.6042404
File C:\Users\abbas\PycharmProjects\PhoenixFamily\venv\Lib\site-packages\django\core\handlers\base.py first seen with mtime 1732376606.896857
File C:\Users\abbas\AppData\Local\Programs\Python\Python39\Lib\html\parser.py first seen with mtime 1652793310.0
File C:\Users\abbas\PycharmProjects\PhoenixFamily\venv\Lib\site-packages\django\db\migrations\exceptions.py first seen with mtime 1732376607.0356784
File C:\Users\abbas\PycharmProjects\PhoenixFamily\venv\Lib\site-packages\django\template\loaders\app_directories.py first seen with mtime 1732376607.284717
File C:\Users\abbas\AppData\Local\Programs\Python\Python39\Lib\glob.py first seen with mtime 1652793310.0
File C:\Users\abbas\PycharmProjects\PhoenixFamily\venv\Lib\site-packages\django\core\cache\backends\locmem.py first seen with mtime 1732376606.8549092
File C:\Users\abbas\PycharmProjects\PhoenixFamily\venv\Lib\site-packages\django\contrib\auth\models.py first seen with mtime 1732376603.906675
File C:\Users\abbas\PycharmProjects\PhoenixFamily\venv\Lib\site-packages\rest_framework\metadata.py first seen with mtime 1732966702.5122178
File C:\Users\abbas\PycharmProjects\PhoenixFamily\venv\Lib\site-packages\rest_framework\utils\encoders.py first seen with mtime 1732966702.8473346
File C:\Users\abbas\PycharmProjects\PhoenixFamily\venv\Lib\site-packages\django\utils\autoreload.py first seen with mtime 1732376607.3212452
File C:\Users\abbas\PycharmProjects\PhoenixFamily\venv\Lib\site-packages\django\db\backends\sqlite3\creation.py first seen with mtime 1732376607.0277734
File C:\Users\abbas\PycharmProjects\PhoenixFamily\venv\Lib\site-packages\django\core\checks\urls.py first seen with mtime 1732376606.8723822
File C:\Users\abbas\AppData\Local\Programs\Python\Python39\Lib\urllib\error.py first seen with mtime 1652793312.0
File C:\Users\abbas\PycharmProjects\PhoenixFamily\venv\Lib\site-packages\django\db\models\deletion.py first seen with mtime 1732376607.0687404
File C:\Users\abbas\PycharmProjects\PhoenixFamily\venv\Lib\site-packages\django\utils\cache.py first seen with mtime 1732376607.324301
File C:\Users\abbas\AppData\Local\Programs\Python\Python39\DLLs\_ssl.pyd first seen with mtime 1652793362.0
File C:\Users\abbas\AppData\Local\Programs\Python\Python39\Lib\weakref.py first seen with mtime 1652793312.0
File C:\Users\abbas\AppData\Local\Programs\Python\Python39\Lib\asyncio\locks.py first seen with mtime 1652793310.0
File C:\Users\abbas\PycharmProjects\PhoenixFamily\venv\Lib\site-packages\django\db\models\query.py first seen with mtime 1732376607.07736
File C:\Users\abbas\PycharmProjects\PhoenixFamily\User\apps.py first seen with mtime 1732376955.7752962
File C:\Users\abbas\PycharmProjects\PhoenixFamily\venv\Lib\site-packages\django\core\checks\security\__init__.py first seen with mtime 1732376606.875519
File C:\Users\abbas\AppData\Local\Programs\Python\Python39\Lib\concurrent\futures\__init__.py first seen with mtime 1652793310.0
File C:\Users\abbas\PycharmProjects\PhoenixFamily\Blog\admin.py first seen with mtime 1732647534.5156665
File C:\Users\abbas\AppData\Local\Programs\Python\Python39\Lib\importlib\machinery.py first seen with mtime 1652793310.0
File C:\Users\abbas\PycharmProjects\PhoenixFamily\venv\Lib\site-packages\django\contrib\sites\admin.py first seen with mtime 1732376606.4798927
File C:\Users\abbas\AppData\Local\Programs\Python\Python39\Lib\sysconfig.py first seen with mtime 1652793310.0
File C:\Users\abbas\PycharmProjects\PhoenixFamily\venv\Lib\site-packages\django\utils\log.py first seen with mtime 1732376607.3707576
File C:\Users\abbas\PycharmProjects\PhoenixFamily\venv\Lib\site-packages\django\core\checks\translation.py first seen with mtime 1732376606.8711634
File C:\Users\abbas\PycharmProjects\PhoenixFamily\venv\Lib\site-packages\django\core\signals.py first seen with mtime 1732376606.843191
File C:\Users\abbas\PycharmProjects\PhoenixFamily\venv\Lib\site-packages\django\db\models\fields\__init__.py first seen with mtime 1732376607.0827913
File C:\Users\abbas\PycharmProjects\PhoenixFamily\venv\Lib\site-packages\django\db\migrations\operations\base.py first seen with mtime 1732376607.055797
File C:\Users\abbas\AppData\Local\Programs\Python\Python39\Lib\ctypes\wintypes.py first seen with mtime 1652793310.0
File C:\Users\abbas\PycharmProjects\PhoenixFamily\venv\Lib\site-packages\django\core\mail\message.py first seen with mtime 1732376606.9019396
File C:\Users\abbas\PycharmProjects\PhoenixFamily\venv\Lib\site-packages\django\contrib\staticfiles\utils.py first seen with mtime 1732376606.825572
File C:\Users\abbas\PycharmProjects\PhoenixFamily\venv\Lib\site-packages\django\urls\conf.py first seen with mtime 1732376607.3108165
File C:\Users\abbas\PycharmProjects\PhoenixFamily\venv\Lib\site-packages\django\contrib\sitemaps\__init__.py first seen with mtime 1732376606.4677799
File C:\Users\abbas\PycharmProjects\PhoenixFamily\venv\Lib\site-packages\django\core\wsgi.py first seen with mtime 1732376606.846259
File C:\Users\abbas\AppData\Local\Programs\Python\Python39\Lib\urllib\__init__.py first seen with mtime 1652793312.0
File C:\Users\abbas\AppData\Local\Programs\Python\Python39\Lib\contextlib.py first seen with mtime 1652793310.0
File C:\Users\abbas\PycharmProjects\PhoenixFamily\venv\Lib\site-packages\django\core\files\__init__.py first seen with mtime 1732376606.8806279
File C:\Users\abbas\PycharmProjects\PhoenixFamily\venv\Lib\site-packages\django\db\models\sql\query.py first seen with mtime 1732376607.1073606
File C:\Users\abbas\PycharmProjects\PhoenixFamily\venv\Lib\site-packages\django\utils\dateformat.py first seen with mtime 1732376607.327543
File C:\Users\abbas\PycharmProjects\PhoenixFamily\venv\Lib\site-packages\django\contrib\auth\base_user.py first seen with mtime 1732376603.8946567
File C:\Users\abbas\PycharmProjects\PhoenixFamily\venv\Lib\site-packages\django\utils\_os.py first seen with mtime 1732376607.317866
File C:\Users\abbas\PycharmProjects\PhoenixFamily\venv\Lib\site-packages\django\db\backends\base\introspection.py first seen with mtime 1732376606.9787047
File C:\Users\abbas\PycharmProjects\PhoenixFamily\venv\Lib\site-packages\django\db\models\sql\datastructures.py first seen with mtime 1732376607.1043274
File C:\Users\abbas\PycharmProjects\PhoenixFamily\venv\Lib\site-packages\django\utils\translation\reloader.py first seen with mtime 1732376607.3979466
File C:\Users\abbas\AppData\Local\Programs\Python\Python39\Lib\asyncio\base_tasks.py first seen with mtime 1652793310.0
File C:\Users\abbas\PycharmProjects\PhoenixFamily\venv\Lib\site-packages\asgiref\current_thread_executor.py first seen with mtime 1732376602.1912677
File C:\Users\abbas\PycharmProjects\PhoenixFamily\venv\Lib\site-packages\django\db\backends\base\base.py first seen with mtime 1732376606.9739397
File C:\Users\abbas\PycharmProjects\PhoenixFamily\venv\Lib\site-packages\django\db\models\constraints.py first seen with mtime 1732376607.0677412
File C:\Users\abbas\PycharmProjects\PhoenixFamily\venv\Lib\site-packages\rest_framework\permissions.py first seen with mtime 1732966702.5192285
File C:\Users\abbas\PycharmProjects\PhoenixFamily\venv\Lib\site-packages\rest_framework\utils\mediatypes.py first seen with mtime 1732966702.8558633
File C:\Users\abbas\AppData\Local\Programs\Python\Python39\Lib\multiprocessing\reduction.py first seen with mtime 1652793310.0
File C:\Users\abbas\PycharmProjects\PhoenixFamily\venv\Lib\site-packages\django\contrib\admin\views\main.py first seen with mtime 1732376603.5688815
File C:\Users\abbas\PycharmProjects\PhoenixFamily\venv\Lib\site-packages\django\core\files\images.py first seen with mtime 1732376606.8818629
File C:\Users\abbas\PycharmProjects\PhoenixFamily\Blog\__init__.py first seen with mtime 1732647534.546916
File C:\Users\abbas\PycharmProjects\PhoenixFamily\venv\Lib\site-packages\django\contrib\sites\__init__.py first seen with mtime 1732376606.4787807
File C:\Users\abbas\PycharmProjects\PhoenixFamily\venv\Lib\site-packages\django\contrib\auth\forms.py first seen with mtime 1732376603.8996804
File C:\Users\abbas\PycharmProjects\PhoenixFamily\venv\Lib\site-packages\django\urls\utils.py first seen with mtime 1732376607.3158662
File C:\Users\abbas\PycharmProjects\PhoenixFamily\Home\views.py first seen with mtime 1732649542.051199
File C:\Users\abbas\PycharmProjects\PhoenixFamily\venv\Lib\site-packages\django\shortcuts.py first seen with mtime 1732376602.2983956
File C:\Users\abbas\PycharmProjects\PhoenixFamily\Contact\admin.py first seen with mtime 1732966618.7744052
File C:\Users\abbas\PycharmProjects\PhoenixFamily\venv\Lib\site-packages\django\utils\html.py first seen with mtime 1732376607.3470666
File C:\Users\abbas\PycharmProjects\PhoenixFamily\venv\Lib\site-packages\django\http\cookie.py first seen with mtime 1732376607.2370017
File C:\Users\abbas\PycharmProjects\PhoenixFamily\venv\Lib\site-packages\django\template\__init__.py first seen with mtime 1732376607.2533126
File C:\Users\abbas\AppData\Local\Programs\Python\Python39\Lib\fractions.py first seen with mtime 1652793310.0
File C:\Users\abbas\AppData\Local\Programs\Python\Python39\Lib\ctypes\__init__.py first seen with mtime 1652793310.0
File C:\Users\abbas\PycharmProjects\PhoenixFamily\venv\Lib\site-packages\django\db\models\signals.py first seen with mtime 1732376607.0807
File C:\Users\abbas\PycharmProjects\PhoenixFamily\venv\Lib\site-packages\django\contrib\sites\requests.py first seen with mtime 1732376606.4888268
File C:\Users\abbas\AppData\Local\Programs\Python\Python39\Lib\selectors.py first seen with mtime 1652793310.0
File C:\Users\abbas\PycharmProjects\PhoenixFamily\venv\Lib\site-packages\rest_framework\utils\breadcrumbs.py first seen with mtime 1732966702.8463295
File C:\Users\abbas\PycharmProjects\PhoenixFamily\venv\Lib\site-packages\django\db\models\sql\where.py first seen with mtime 1732376607.1084595
File C:\Users\abbas\PycharmProjects\PhoenixFamily\venv\Lib\site-packages\django\template\backends\django.py first seen with mtime 1732376607.2785356
File C:\Users\abbas\AppData\Local\Programs\Python\Python39\Lib\gzip.py first seen with mtime 1652793310.0
File C:\Users\abbas\PycharmProjects\PhoenixFamily\venv\Lib\site-packages\django\views\decorators\csrf.py first seen with mtime 1732376607.412711
File C:\Users\abbas\PycharmProjects\PhoenixFamily\venv\Lib\site-packages\_distutils_hack\__init__.py first seen with mtime 1732376581.3020248
File C:\Users\abbas\PycharmProjects\PhoenixFamily\venv\Lib\site-packages\django\contrib\sessions\__init__.py first seen with mtime 1732376606.1370804
File C:\Users\abbas\PycharmProjects\PhoenixFamily\venv\Lib\site-packages\django\contrib\auth\middleware.py first seen with mtime 1732376603.9036648
File C:\Users\abbas\PycharmProjects\PhoenixFamily\venv\Lib\site-packages\django\db\backends\sqlite3\introspection.py first seen with mtime 1732376607.0298553
File C:\Users\abbas\AppData\Local\Programs\Python\Python39\Lib\enum.py first seen with mtime 1652793310.0
File C:\Users\abbas\AppData\Local\Programs\Python\Python39\Lib\abc.py first seen with mtime 1652793310.0
File C:\Users\abbas\AppData\Local\Programs\Python\Python39\Lib\asyncio\format_helpers.py first seen with mtime 1652793310.0
File C:\Users\abbas\PycharmProjects\PhoenixFamily\venv\Lib\site-packages\django\contrib\contenttypes\models.py first seen with mtime 1732376604.2440188
File C:\Users\abbas\PycharmProjects\PhoenixFamily\Home\urls.py first seen with mtime 1732647945.9912322
File C:\Users\abbas\PycharmProjects\PhoenixFamily\venv\Lib\site-packages\django\db\backends\sqlite3\base.py first seen with mtime 1732376607.0247703
File C:\Users\abbas\PycharmProjects\PhoenixFamily\venv\Lib\site-packages\django\core\files\uploadedfile.py first seen with mtime 1732376606.8851895
File C:\Users\abbas\PycharmProjects\PhoenixFamily\venv\Lib\site-packages\django\contrib\postgres\lookups.py first seen with mtime 1732376605.601905
File C:\Users\abbas\AppData\Local\Programs\Python\Python39\Lib\email\iterators.py first seen with mtime 1652793310.0
File C:\Users\abbas\PycharmProjects\PhoenixFamily\venv\Lib\site-packages\rest_framework\renderers.py first seen with mtime 1732966702.5222263
File C:\Users\abbas\PycharmProjects\PhoenixFamily\venv\Lib\site-packages\sqlparse\engine\__init__.py first seen with mtime 1732376602.0734081
File C:\Users\abbas\PycharmProjects\PhoenixFamily\venv\Lib\site-packages\rest_framework\fields.py first seen with mtime 1732966702.5086536
File C:\Users\abbas\PycharmProjects\PhoenixFamily\User\admin.py first seen with mtime 1732376955.7603462
File C:\Users\abbas\PycharmProjects\PhoenixFamily\venv\Lib\site-packages\django\contrib\sites\shortcuts.py first seen with mtime 1732376606.490948
File C:\Users\abbas\PycharmProjects\PhoenixFamily\venv\Lib\site-packages\django\contrib\admin\views\decorators.py first seen with mtime 1732376603.567281
File C:\Users\abbas\PycharmProjects\PhoenixFamily\venv\Lib\site-packages\django\core\checks\async_checks.py first seen with mtime 1732376606.8612895
File C:\Users\abbas\AppData\Local\Programs\Python\Python39\Lib\email\__init__.py first seen with mtime 1652793310.0
File C:\Users\abbas\PycharmProjects\PhoenixFamily\venv\Lib\site-packages\django\forms\models.py first seen with mtime 1732376607.1202261
File C:\Users\abbas\PycharmProjects\PhoenixFamily\venv\Lib\site-packages\django\core\cache\__init__.py first seen with mtime 1732376606.8472593
File C:\Users\abbas\PycharmProjects\PhoenixFamily\Contact\__init__.py first seen with mtime 1732376924.3578715
File C:\Users\abbas\PycharmProjects\PhoenixFamily\venv\Lib\site-packages\django\core\files\storage\mixins.py first seen with mtime 1732376606.893283
File C:\Users\abbas\PycharmProjects\PhoenixFamily\venv\Lib\site-packages\django\db\models\fields\related_descriptors.py first seen with mtime 1732376607.0915294
File C:\Users\abbas\PycharmProjects\PhoenixFamily\venv\Lib\site-packages\django\utils\functional.py first seen with mtime 1732376607.3448162
File C:\Users\abbas\PycharmProjects\PhoenixFamily\venv\Lib\site-packages\django\contrib\admin\templatetags\admin_modify.py first seen with mtime 1732376603.5604732
File C:\Users\abbas\PycharmProjects\PhoenixFamily\venv\Lib\site-packages\django\template\smartif.py first seen with mtime 1732376607.2741392
File C:\Users\abbas\AppData\Local\Programs\Python\Python39\Lib\pprint.py first seen with mtime 1652793310.0
File C:\Users\abbas\PycharmProjects\PhoenixFamily\venv\Lib\site-packages\django\utils\decorators.py first seen with mtime 1732376607.3340855
File C:\Users\abbas\AppData\Local\Programs\Python\Python39\DLLs\_asyncio.pyd first seen with mtime 1652793362.0
File C:\Users\abbas\PycharmProjects\PhoenixFamily\venv\Lib\site-packages\django\core\management\base.py first seen with mtime 1732376606.9141567
File C:\Users\abbas\PycharmProjects\PhoenixFamily\venv\Lib\site-packages\django\core\files\utils.py first seen with mtime 1732376606.8875396
File C:\Users\abbas\PycharmProjects\PhoenixFamily\venv\Lib\site-packages\django\core\checks\security\csrf.py first seen with mtime 1732376606.8776267
File C:\Users\abbas\AppData\Local\Programs\Python\Python39\Lib\random.py first seen with mtime 1652793310.0
File C:\Users\abbas\PycharmProjects\PhoenixFamily\venv\Lib\site-packages\django\contrib\staticfiles\checks.py first seen with mtime 1732376606.8164902
File C:\Users\abbas\AppData\Local\Programs\Python\Python39\Lib\tokenize.py first seen with mtime 1652793312.0
File C:\Users\abbas\PycharmProjects\PhoenixFamily\venv\Lib\site-packages\django\utils\inspect.py first seen with mtime 1732376607.351322
File C:\Users\abbas\PycharmProjects\PhoenixFamily\venv\Lib\site-packages\rest_framework\__init__.py first seen with mtime 1732966702.4996085
File C:\Users\abbas\PycharmProjects\PhoenixFamily\venv\Lib\site-packages\django\db\models\constants.py first seen with mtime 1732376607.0652306
File C:\Users\abbas\PycharmProjects\PhoenixFamily\venv\Lib\site-packages\django\utils\hashable.py first seen with mtime 1732376607.3470666
File C:\Users\abbas\PycharmProjects\PhoenixFamily\venv\Lib\site-packages\django\contrib\auth\signals.py first seen with mtime 1732376603.9080567
File C:\Users\abbas\PycharmProjects\PhoenixFamily\venv\Lib\site-packages\django\views\static.py first seen with mtime 1732376607.4081383
File C:\Users\abbas\PycharmProjects\PhoenixFamily\venv\Lib\site-packages\django\utils\topological_sort.py first seen with mtime 1732376607.390302
File C:\Users\abbas\AppData\Local\Programs\Python\Python39\Lib\html\entities.py first seen with mtime 1652793310.0
File C:\Users\abbas\PycharmProjects\PhoenixFamily\venv\Lib\site-packages\rest_framework\schemas\openapi.py first seen with mtime 1732966702.688406
File C:\Users\abbas\PycharmProjects\PhoenixFamily\venv\Lib\site-packages\django\template\loader_tags.py first seen with mtime 1732376607.267897
File C:\Users\abbas\PycharmProjects\PhoenixFamily\venv\Lib\site-packages\django\core\checks\messages.py first seen with mtime 1732376606.8660147
File C:\Users\abbas\PycharmProjects\PhoenixFamily\venv\Lib\site-packages\django\db\backends\base\schema.py first seen with mtime 1732376606.9820807
File C:\Users\abbas\PycharmProjects\PhoenixFamily\venv\Lib\site-packages\django\urls\converters.py first seen with mtime 1732376607.311324
File C:\Users\abbas\PycharmProjects\PhoenixFamily\Home\models.py first seen with mtime 1732376707.554662
File C:\Users\abbas\PycharmProjects\PhoenixFamily\venv\Lib\site-packages\rest_framework\authentication.py first seen with mtime 1732966702.5005877
File C:\Users\abbas\AppData\Local\Programs\Python\Python39\Lib\struct.py first seen with mtime 1652793310.0
File C:\Users\abbas\PycharmProjects\PhoenixFamily\venv\Lib\site-packages\django\template\utils.py first seen with mtime 1732376607.275148
File C:\Users\abbas\AppData\Local\Programs\Python\Python39\Lib\asyncio\protocols.py first seen with mtime 1652793310.0
File C:\Users\abbas\PycharmProjects\PhoenixFamily\venv\Lib\site-packages\django\contrib\contenttypes\forms.py first seen with mtime 1732376604.2421508
File C:\Users\abbas\AppData\Local\Programs\Python\Python39\Lib\fnmatch.py first seen with mtime 1652793310.0
File C:\Users\abbas\AppData\Local\Programs\Python\Python39\Lib\hmac.py first seen with mtime 1652793310.0
File C:\Users\abbas\AppData\Local\Programs\Python\Python39\Lib\linecache.py first seen with mtime 1652793310.0
File C:\Users\abbas\PycharmProjects\PhoenixFamily\venv\Lib\site-packages\django\core\exceptions.py first seen with mtime 1732376606.8411815
File C:\Users\abbas\PycharmProjects\PhoenixFamily\venv\Lib\site-packages\django\utils\version.py first seen with mtime 1732376607.392812
File C:\Users\abbas\AppData\Local\Programs\Python\Python39\Lib\locale.py first seen with mtime 1652793310.0
File C:\Users\abbas\AppData\Local\Programs\Python\Python39\Lib\ast.py first seen with mtime 1652793310.0
File C:\Users\abbas\AppData\Local\Programs\Python\Python39\Lib\zoneinfo\__init__.py first seen with mtime 1652793312.0
File C:\Users\abbas\AppData\Local\Programs\Python\Python39\Lib\collections\__init__.py first seen with mtime 1652793310.0
File C:\Users\abbas\PycharmProjects\PhoenixFamily\venv\Lib\site-packages\django\contrib\staticfiles\management\commands\runserver.py first seen with mtime 1732376606.8326552
File C:\Users\abbas\AppData\Local\Programs\Python\Python39\Lib\wsgiref\headers.py first seen with mtime 1652793312.0
File C:\Users\abbas\PycharmProjects\PhoenixFamily\venv\Lib\site-packages\django\views\defaults.py first seen with mtime 1732376607.4060092
File C:\Users\abbas\AppData\Local\Programs\Python\Python39\Lib\asyncio\streams.py first seen with mtime 1652793310.0
File C:\Users\abbas\PycharmProjects\PhoenixFamily\venv\Lib\site-packages\django\views\generic\detail.py first seen with mtime 1732376607.4234276
File C:\Users\abbas\PycharmProjects\PhoenixFamily\venv\Lib\site-packages\django\contrib\sessions\base_session.py first seen with mtime 1732376606.139465
File C:\Users\abbas\PycharmProjects\PhoenixFamily\venv\Lib\site-packages\django\db\models\sql\constants.py first seen with mtime 1732376607.1032915
File C:\Users\abbas\AppData\Local\Programs\Python\Python39\Lib\difflib.py first seen with mtime 1652793310.0
File C:\Users\abbas\PycharmProjects\PhoenixFamily\venv\Lib\site-packages\rest_framework\utils\serializer_helpers.py first seen with mtime 1732966702.859857
File C:\Users\abbas\AppData\Local\Programs\Python\Python39\Lib\asyncio\coroutines.py first seen with mtime 1652793310.0
File C:\Users\abbas\AppData\Local\Programs\Python\Python39\Lib\base64.py first seen with mtime 1652793310.0
File C:\Users\abbas\AppData\Local\Programs\Python\Python39\Lib\opcode.py first seen with mtime 1652793310.0
File C:\Users\abbas\PycharmProjects\PhoenixFamily\PhoenixFamily\urls.py first seen with mtime 1732649166.638859
File C:\Users\abbas\AppData\Local\Programs\Python\Python39\Lib\json\decoder.py first seen with mtime 1652793310.0
File C:\Users\abbas\PycharmProjects\PhoenixFamily\venv\Lib\site-packages\django\forms\forms.py first seen with mtime 1732376607.1179025
File C:\Users\abbas\AppData\Local\Programs\Python\Python39\Lib\uuid.py first seen with mtime 1652793312.0
File C:\Users\abbas\AppData\Local\Programs\Python\Python39\Lib\encodings\aliases.py first seen with mtime 1652793310.0
File C:\Users\abbas\AppData\Local\Programs\Python\Python39\Lib\asyncio\transports.py first seen with mtime 1652793310.0
File C:\Users\abbas\AppData\Local\Programs\Python\Python39\Lib\logging\config.py first seen with mtime 1652793310.0
File C:\Users\abbas\AppData\Local\Programs\Python\Python39\Lib\sre_constants.py first seen with mtime 1652793310.0
File C:\Users\abbas\AppData\Local\Programs\Python\Python39\Lib\reprlib.py first seen with mtime 1652793310.0
File C:\Users\abbas\PycharmProjects\PhoenixFamily\venv\Lib\site-packages\django\contrib\postgres\validators.py first seen with mtime 1732376605.6093645
File C:\Users\abbas\AppData\Local\Programs\Python\Python39\Lib\email\mime\text.py first seen with mtime 1652793310.0
File C:\Users\abbas\PycharmProjects\PhoenixFamily\venv\Lib\site-packages\django\db\backends\sqlite3\schema.py first seen with mtime 1732376607.0321083
File C:\Users\abbas\PycharmProjects\PhoenixFamily\venv\Lib\site-packages\django\core\checks\caches.py first seen with mtime 1732376606.8624692
File C:\Users\abbas\PycharmProjects\PhoenixFamily\venv\Lib\site-packages\django\contrib\sessions\apps.py first seen with mtime 1732376606.1381373
File C:\Users\abbas\PycharmProjects\PhoenixFamily\venv\Lib\site-packages\django\core\mail\__init__.py first seen with mtime 1732376606.8992689
File C:\Users\abbas\AppData\Local\Programs\Python\Python39\Lib\numbers.py first seen with mtime 1652793310.0
File C:\Users\abbas\AppData\Local\Programs\Python\Python39\Lib\email\message.py first seen with mtime 1652793310.0
File C:\Users\abbas\PycharmProjects\PhoenixFamily\venv\Lib\site-packages\django\dispatch\__init__.py first seen with mtime 1732376607.1105008
File C:\Users\abbas\AppData\Local\Programs\Python\Python39\Lib\email\utils.py first seen with mtime 1652793310.0
File C:\Users\abbas\AppData\Local\Programs\Python\Python39\DLLs\_bz2.pyd first seen with mtime 1652793372.0
File C:\Users\abbas\PycharmProjects\PhoenixFamily\venv\Lib\site-packages\django\utils\lorem_ipsum.py first seen with mtime 1732376607.372161
File C:\Users\abbas\AppData\Local\Programs\Python\Python39\Lib\email\charset.py first seen with mtime 1652793310.0
File C:\Users\abbas\AppData\Local\Programs\Python\Python39\Lib\pickle.py first seen with mtime 1652793310.0
File C:\Users\abbas\PycharmProjects\PhoenixFamily\venv\Lib\site-packages\django\views\i18n.py first seen with mtime 1732376607.4070158
File C:\Users\abbas\PycharmProjects\PhoenixFamily\venv\Lib\site-packages\django\templatetags\__init__.py first seen with mtime 1732376607.2901628
File C:\Users\abbas\AppData\Local\Programs\Python\Python39\Lib\asyncio\exceptions.py first seen with mtime 1652793310.0
File C:\Users\abbas\PycharmProjects\PhoenixFamily\venv\Lib\site-packages\django\contrib\admindocs\views.py first seen with mtime 1732376603.5755253
File C:\Users\abbas\PycharmProjects\PhoenixFamily\venv\Lib\site-packages\sqlparse\filters\tokens.py first seen with mtime 1732376602.0839276
File C:\Users\abbas\AppData\Local\Programs\Python\Python39\Lib\threading.py first seen with mtime 1652793312.0
File C:\Users\abbas\PycharmProjects\PhoenixFamily\venv\Lib\site-packages\django\views\decorators\__init__.py first seen with mtime 1732376607.4097028
File C:\Users\abbas\PycharmProjects\PhoenixFamily\venv\Lib\site-packages\django\contrib\admin\views\__init__.py first seen with mtime 1732376603.5649424
File C:\Users\abbas\PycharmProjects\PhoenixFamily\venv\Lib\site-packages\django\core\checks\model_checks.py first seen with mtime 1732376606.8670335
File C:\Users\abbas\AppData\Local\Programs\Python\Python39\Lib\heapq.py first seen with mtime 1652793310.0
File C:\Users\abbas\PycharmProjects\PhoenixFamily\venv\Lib\site-packages\django\db\migrations\state.py first seen with mtime 1732376607.0486314
File C:\Users\abbas\PycharmProjects\PhoenixFamily\venv\Lib\site-packages\django\core\files\locks.py first seen with mtime 1732376606.8829317
File C:\Users\abbas\PycharmProjects\PhoenixFamily\venv\Lib\site-packages\django\contrib\humanize\apps.py first seen with mtime 1732376605.326813
File C:\Users\abbas\PycharmProjects\PhoenixFamily\venv\Lib\site-packages\django\contrib\sessions\backends\__init__.py first seen with mtime 1732376606.1432471
File C:\Users\abbas\AppData\Local\Programs\Python\Python39\Lib\zoneinfo\_tzpath.py first seen with mtime 1652793312.0
File C:\Users\abbas\PycharmProjects\PhoenixFamily\Product\apps.py first seen with mtime 1732376746.1751375
File C:\Users\abbas\PycharmProjects\PhoenixFamily\venv\Lib\site-packages\django\db\models\fields\related.py first seen with mtime 1732376607.0893536
File C:\Users\abbas\PycharmProjects\PhoenixFamily\venv\Lib\site-packages\django\utils\http.py first seen with mtime 1732376607.3502142
File C:\Users\abbas\PycharmProjects\PhoenixFamily\venv\Lib\site-packages\django\contrib\admin\exceptions.py first seen with mtime 1732376602.7524061
File C:\Users\abbas\AppData\Local\Programs\Python\Python39\Lib\getpass.py first seen with mtime 1652793310.0
File C:\Users\abbas\PycharmProjects\PhoenixFamily\venv\Lib\site-packages\django\core\serializers\base.py first seen with mtime 1732376606.9568572
File C:\Users\abbas\AppData\Local\Programs\Python\Python39\Lib\tempfile.py first seen with mtime 1652793310.0
File C:\Users\abbas\PycharmProjects\PhoenixFamily\venv\Lib\site-packages\django\db\models\fields\files.py first seen with mtime 1732376607.083884
File C:\Users\abbas\AppData\Local\Programs\Python\Python39\Lib\argparse.py first seen with mtime 1652793310.0
File C:\Users\abbas\AppData\Local\Programs\Python\Python39\Lib\_collections_abc.py first seen with mtime 1652793310.0
File C:\Users\abbas\PycharmProjects\PhoenixFamily\venv\Lib\site-packages\django\utils\__init__.py first seen with mtime 1732376607.3168623
File C:\Users\abbas\PycharmProjects\PhoenixFamily\venv\Lib\site-packages\django\template\loaders\base.py first seen with mtime 1732376607.284717
File C:\Users\abbas\AppData\Local\Programs\Python\Python39\Lib\email\parser.py first seen with mtime 1652793310.0
File C:\Users\abbas\PycharmProjects\PhoenixFamily\venv\Lib\site-packages\django\db\models\utils.py first seen with mtime 1732376607.081735
File C:\Users\abbas\PycharmProjects\PhoenixFamily\venv\Lib\site-packages\django\db\backends\signals.py first seen with mtime 1732376606.9709294
File C:\Users\abbas\AppData\Local\Programs\Python\Python39\DLLs\_queue.pyd first seen with mtime 1652793362.0
File C:\Users\abbas\PycharmProjects\PhoenixFamily\venv\Lib\site-packages\rest_framework\utils\humanize_datetime.py first seen with mtime 1732966702.8538573
File C:\Users\abbas\PycharmProjects\PhoenixFamily\venv\Lib\site-packages\django\contrib\contenttypes\views.py first seen with mtime 1732376604.2450848
File C:\Users\abbas\PycharmProjects\PhoenixFamily\venv\Lib\site-packages\django\views\decorators\debug.py first seen with mtime 1732376607.413797
File C:\Users\abbas\PycharmProjects\PhoenixFamily\venv\Lib\site-packages\sqlparse\sql.py first seen with mtime 1732376602.0700684
File C:\Users\abbas\PycharmProjects\PhoenixFamily\venv\Lib\site-packages\django\core\files\storage\handler.py first seen with mtime 1732376606.8911726
File C:\Users\abbas\PycharmProjects\PhoenixFamily\venv\Lib\site-packages\django\core\files\storage\base.py first seen with mtime 1732376606.8895721
File C:\Users\abbas\AppData\Local\Programs\Python\Python39\Lib\email\encoders.py first seen with mtime 1652793310.0
File C:\Users\abbas\PycharmProjects\PhoenixFamily\venv\Lib\site-packages\sqlparse\filters\right_margin.py first seen with mtime 1732376602.0835068
File C:\Users\abbas\AppData\Local\Programs\Python\Python39\Lib\importlib\abc.py first seen with mtime 1652793310.0
File C:\Users\abbas\PycharmProjects\PhoenixFamily\venv\Lib\site-packages\rest_framework\schemas\coreapi.py first seen with mtime 1732966702.6834066
File C:\Users\abbas\AppData\Local\Programs\Python\Python39\Lib\wsgiref\__init__.py first seen with mtime 1652793312.0
File C:\Users\abbas\AppData\Local\Programs\Python\Python39\Lib\encodings\cp1252.py first seen with mtime 1652793310.0
File C:\Users\abbas\PycharmProjects\PhoenixFamily\venv\Lib\site-packages\django\utils\tree.py first seen with mtime 1732376607.391636
File C:\Users\abbas\PycharmProjects\PhoenixFamily\venv\Lib\site-packages\django\contrib\sites\checks.py first seen with mtime 1732376606.4825132
File C:\Users\abbas\AppData\Local\Programs\Python\Python39\Lib\signal.py first seen with mtime 1652793310.0
File C:\Users\abbas\PycharmProjects\PhoenixFamily\venv\Lib\site-packages\django\db\migrations\utils.py first seen with mtime 1732376607.0500457
File C:\Users\abbas\AppData\Local\Programs\Python\Python39\Lib\email\errors.py first seen with mtime 1652793310.0
File C:\Users\abbas\PycharmProjects\PhoenixFamily\venv\Lib\site-packages\django\contrib\admin\apps.py first seen with mtime 1732376602.748331
File C:\Users\abbas\PycharmProjects\PhoenixFamily\venv\Lib\site-packages\django\template\loader.py first seen with mtime 1732376607.2660723
File C:\Users\abbas\PycharmProjects\PhoenixFamily\venv\Lib\site-packages\django\template\loaders\cached.py first seen with mtime 1732376607.2867901
File C:\Users\abbas\PycharmProjects\PhoenixFamily\venv\Lib\site-packages\django\core\checks\compatibility\django_4_0.py first seen with mtime 1732376606.874524
File C:\Users\abbas\PycharmProjects\PhoenixFamily\venv\Lib\site-packages\django\utils\dateparse.py first seen with mtime 1732376607.3289247
File C:\Users\abbas\PycharmProjects\PhoenixFamily\venv\Lib\site-packages\django\views\debug.py first seen with mtime 1732376607.4054997
File C:\Users\abbas\PycharmProjects\PhoenixFamily\venv\Lib\site-packages\sqlparse\filters\__init__.py first seen with mtime 1732376602.0782979
File C:\Users\abbas\AppData\Local\Programs\Python\Python39\Lib\keyword.py first seen with mtime 1652793310.0
File C:\Users\abbas\PycharmProjects\PhoenixFamily\venv\Lib\site-packages\django\core\handlers\wsgi.py first seen with mtime 1732376606.8992689
File C:\Users\abbas\PycharmProjects\PhoenixFamily\venv\Lib\site-packages\django\db\backends\postgresql\__init__.py first seen with mtime 1732376607.0109682
File C:\Users\abbas\PycharmProjects\PhoenixFamily\venv\Lib\site-packages\django\core\cache\backends\__init__.py first seen with mtime 1732376606.8493536
File C:\Users\abbas\AppData\Local\Programs\Python\Python39\Lib\genericpath.py first seen with mtime 1652793310.0
File C:\Users\abbas\PycharmProjects\PhoenixFamily\venv\Lib\site-packages\rest_framework\response.py first seen with mtime 1732966702.5242727
File C:\Users\abbas\PycharmProjects\PhoenixFamily\venv\Lib\site-packages\django\contrib\contenttypes\management\__init__.py first seen with mtime 1732376604.518894
File C:\Users\abbas\PycharmProjects\PhoenixFamily\venv\Lib\site-packages\django\template\backends\__init__.py first seen with mtime 1732376607.2765079
File C:\Users\abbas\PycharmProjects\PhoenixFamily\venv\Lib\site-packages\rest_framework\utils\model_meta.py first seen with mtime 1732966702.8568585
File C:\Users\abbas\PycharmProjects\PhoenixFamily\venv\Lib\site-packages\rest_framework\schemas\inspectors.py first seen with mtime 1732966702.686408
File C:\Users\abbas\AppData\Local\Programs\Python\Python39\Lib\socketserver.py first seen with mtime 1652793310.0
File C:\Users\abbas\PycharmProjects\PhoenixFamily\venv\Lib\site-packages\django\db\backends\base\validation.py first seen with mtime 1732376606.9830892
File C:\Users\abbas\AppData\Local\Programs\Python\Python39\Lib\sre_parse.py first seen with mtime 1652793310.0
File C:\Users\abbas\AppData\Local\Programs\Python\Python39\Lib\http\cookies.py first seen with mtime 1652793310.0
File C:\Users\abbas\PycharmProjects\PhoenixFamily\venv\Lib\site-packages\rest_framework\compat.py first seen with mtime 1732966702.5041034
File C:\Users\abbas\PycharmProjects\PhoenixFamily\venv\Lib\site-packages\django\utils\asyncio.py first seen with mtime 1732376607.3202062
File C:\Users\abbas\PycharmProjects\PhoenixFamily\Blog\views.py first seen with mtime 1732649542.0242312
File C:\Users\abbas\AppData\Local\Programs\Python\Python39\Lib\email\quoprimime.py first seen with mtime 1652793310.0
File C:\Users\abbas\AppData\Local\Programs\Python\Python39\Lib\concurrent\futures\thread.py first seen with mtime 1652793310.0
File C:\Users\abbas\PycharmProjects\PhoenixFamily\venv\Lib\site-packages\django\core\mail\utils.py first seen with mtime 1732376606.9033697
File C:\Users\abbas\PycharmProjects\PhoenixFamily\venv\Lib\site-packages\django\core\management\commands\__init__.py first seen with mtime 1732376606.9207516
File C:\Users\abbas\AppData\Local\Programs\Python\Python39\Lib\asyncio\windows_events.py first seen with mtime 1652793310.0
File C:\Users\abbas\PycharmProjects\PhoenixFamily\venv\Lib\site-packages\django\db\migrations\operations\special.py first seen with mtime 1732376607.0596528
File C:\Users\abbas\AppData\Local\Programs\Python\Python39\Lib\ipaddress.py first seen with mtime 1652793310.0
File C:\Users\abbas\PycharmProjects\PhoenixFamily\About\apps.py first seen with mtime 1732376933.1152847
File C:\Users\abbas\PycharmProjects\PhoenixFamily\venv\Lib\site-packages\django\contrib\messages\storage\__init__.py first seen with mtime 1732376605.588529
File C:\Users\abbas\PycharmProjects\PhoenixFamily\venv\Lib\site-packages\django\core\checks\__init__.py first seen with mtime 1732376606.860103
File C:\Users\abbas\PycharmProjects\PhoenixFamily\venv\Lib\site-packages\django\forms\renderers.py first seen with mtime 1732376607.1227562
File C:\Users\abbas\AppData\Local\Programs\Python\Python39\Lib\socket.py first seen with mtime 1652793310.0
File C:\Users\abbas\PycharmProjects\PhoenixFamily\venv\Lib\site-packages\django\forms\fields.py first seen with mtime 1732376607.1159003
File C:\Users\abbas\PycharmProjects\PhoenixFamily\venv\Lib\site-packages\django\contrib\humanize\templatetags\__init__.py first seen with mtime 1732376605.5740292
File C:\Users\abbas\PycharmProjects\PhoenixFamily\venv\Lib\site-packages\django\contrib\admin\decorators.py first seen with mtime 1732376602.7503316
File C:\Users\abbas\PycharmProjects\PhoenixFamily\venv\Lib\site-packages\rest_framework\parsers.py first seen with mtime 1732966702.5182319
File C:\Users\abbas\AppData\Local\Programs\Python\Python39\Lib\codecs.py first seen with mtime 1652793310.0
File C:\Users\abbas\PycharmProjects\PhoenixFamily\venv\Lib\site-packages\rest_framework\utils\timezone.py first seen with mtime 1732966702.8608637
File C:\Users\abbas\PycharmProjects\PhoenixFamily\Product\admin.py first seen with mtime 1732376746.1535978
File C:\Users\abbas\PycharmProjects\PhoenixFamily\venv\Lib\site-packages\django\template\engine.py first seen with mtime 1732376607.2625444
File C:\Users\abbas\PycharmProjects\PhoenixFamily\venv\Lib\site-packages\django\core\serializers\python.py first seen with mtime 1732376606.9599795
File C:\Users\abbas\AppData\Local\Programs\Python\Python39\Lib\email\contentmanager.py first seen with mtime 1652793310.0
File C:\Users\abbas\AppData\Local\Programs\Python\Python39\Lib\bz2.py first seen with mtime 1652793310.0
File C:\Users\abbas\AppData\Local\Programs\Python\Python39\Lib\email\mime\multipart.py first seen with mtime 1652793310.0
File C:\Users\abbas\AppData\Local\Programs\Python\Python39\Lib\posixpath.py first seen with mtime 1652793310.0
File C:\Users\abbas\PycharmProjects\PhoenixFamily\venv\Lib\site-packages\django\db\migrations\operations\fields.py first seen with mtime 1732376607.0569768
File C:\Users\abbas\PycharmProjects\PhoenixFamily\venv\Lib\site-packages\django\core\paginator.py first seen with mtime 1732376606.842181
File C:\Users\abbas\AppData\Local\Programs\Python\Python39\Lib\logging\handlers.py first seen with mtime 1652793310.0
File C:\Users\abbas\AppData\Local\Programs\Python\Python39\Lib\secrets.py first seen with mtime 1652793310.0
File C:\Users\abbas\AppData\Local\Programs\Python\Python39\Lib\email\policy.py first seen with mtime 1652793310.0
File C:\Users\abbas\PycharmProjects\PhoenixFamily\venv\Lib\site-packages\django\core\serializers\json.py first seen with mtime 1732376606.9578557
File C:\Users\abbas\AppData\Local\Programs\Python\Python39\Lib\_sitebuiltins.py first seen with mtime 1652793310.0
File C:\Users\abbas\PycharmProjects\PhoenixFamily\venv\Lib\site-packages\django\forms\widgets.py first seen with mtime 1732376607.1261654
File C:\Users\abbas\AppData\Local\Programs\Python\Python39\Lib\typing.py first seen with mtime 1652793312.0
File C:\Users\abbas\PycharmProjects\PhoenixFamily\venv\Lib\site-packages\django\contrib\auth\apps.py first seen with mtime 1732376603.8923848
File C:\Users\abbas\PycharmProjects\PhoenixFamily\venv\Lib\site-packages\django\template\defaulttags.py first seen with mtime 1732376607.2613986
File C:\Users\abbas\PycharmProjects\PhoenixFamily\venv\Lib\site-packages\django\db\models\functions\math.py first seen with mtime 1732376607.0975525
File C:\Users\abbas\PycharmProjects\PhoenixFamily\venv\Lib\site-packages\django\contrib\staticfiles\handlers.py first seen with mtime 1732376606.8186784
File C:\Users\abbas\AppData\Local\Programs\Python\Python39\Lib\email\generator.py first seen with mtime 1652793310.0
File C:\Users\abbas\PycharmProjects\PhoenixFamily\venv\Lib\site-packages\rest_framework\settings.py first seen with mtime 1732966702.5303032
File C:\Users\abbas\PycharmProjects\PhoenixFamily\venv\Lib\site-packages\django\contrib\messages\api.py first seen with mtime 1732376605.5800414
File C:\Users\abbas\AppData\Local\Programs\Python\Python39\Lib\email\mime\base.py first seen with mtime 1652793310.0
File C:\Users\abbas\PycharmProjects\PhoenixFamily\Contact\views.py first seen with mtime 1732970487.8048122
File C:\Users\abbas\PycharmProjects\PhoenixFamily\venv\Lib\site-packages\django\forms\__init__.py first seen with mtime 1732376607.113582
File C:\Users\abbas\PycharmProjects\PhoenixFamily\venv\Lib\site-packages\django\db\models\functions\comparison.py first seen with mtime 1732376607.0949557
File C:\Users\abbas\PycharmProjects\PhoenixFamily\venv\Lib\site-packages\django\db\transaction.py first seen with mtime 1732376606.9665813
File C:\Users\abbas\PycharmProjects\PhoenixFamily\venv\Lib\site-packages\django\db\models\fields\mixins.py first seen with mtime 1732376607.0862055
File C:\Users\abbas\AppData\Local\Programs\Python\Python39\Lib\json\scanner.py first seen with mtime 1652793310.0
File C:\Users\abbas\PycharmProjects\PhoenixFamily\venv\Lib\site-packages\django\core\__init__.py first seen with mtime 1732376606.837817
File C:\Users\abbas\PycharmProjects\PhoenixFamily\venv\Lib\site-packages\rest_framework\utils\urls.py first seen with mtime 1732966702.862367
File C:\Users\abbas\PycharmProjects\PhoenixFamily\venv\Lib\site-packages\sqlparse\filters\output.py first seen with mtime 1732376602.0805328
File C:\Users\abbas\PycharmProjects\PhoenixFamily\venv\Lib\site-packages\django\db\backends\base\operations.py first seen with mtime 1732376606.9799428
File C:\Users\abbas\PycharmProjects\PhoenixFamily\venv\Lib\site-packages\django\contrib\humanize\__init__.py first seen with mtime 1732376605.3257005
File C:\Users\abbas\PycharmProjects\PhoenixFamily\venv\Lib\site-packages\django\contrib\auth\backends.py first seen with mtime 1732376603.8935485
File C:\Users\abbas\PycharmProjects\PhoenixFamily\venv\Lib\site-packages\django\dispatch\dispatcher.py first seen with mtime 1732376607.1105008
File C:\Users\abbas\PycharmProjects\PhoenixFamily\venv\Lib\site-packages\django\views\csrf.py first seen with mtime 1732376607.402866
File C:\Users\abbas\PycharmProjects\PhoenixFamily\venv\Lib\site-packages\django\db\models\functions\datetime.py first seen with mtime 1732376607.0961964
File C:\Users\abbas\PycharmProjects\PhoenixFamily\venv\Lib\site-packages\django\core\files\uploadhandler.py first seen with mtime 1732376606.8864334
File C:\Users\abbas\PycharmProjects\PhoenixFamily\Product\__init__.py first seen with mtime 1732376746.1785986
File C:\Users\abbas\AppData\Local\Programs\Python\Python39\DLLs\select.pyd first seen with mtime 1652793362.0
File C:\Users\abbas\PycharmProjects\PhoenixFamily\venv\Lib\site-packages\django\utils\translation\trans_real.py first seen with mtime 1732376607.4014318
File C:\Users\abbas\AppData\Local\Programs\Python\Python39\Lib\asyncio\selector_events.py first seen with mtime 1652793310.0
File C:\Users\abbas\AppData\Local\Programs\Python\Python39\Lib\io.py first seen with mtime 1652793310.0
File C:\Users\abbas\PycharmProjects\PhoenixFamily\Contact\urls.py first seen with mtime 1732966859.4894292
File C:\Users\abbas\AppData\Local\Programs\Python\Python39\Lib\_compression.py first seen with mtime 1652793310.0
File C:\Users\abbas\AppData\Local\Programs\Python\Python39\Lib\concurrent\__init__.py first seen with mtime 1652793310.0
File C:\Users\abbas\PycharmProjects\PhoenixFamily\venv\Lib\site-packages\django\db\migrations\operations\__init__.py first seen with mtime 1732376607.0536478
File C:\Users\abbas\PycharmProjects\PhoenixFamily\venv\Lib\site-packages\rest_framework\schemas\utils.py first seen with mtime 1732966702.6894095
File C:\Users\abbas\AppData\Local\Programs\Python\Python39\Lib\email\header.py first seen with mtime 1652793310.0
File C:\Users\abbas\PycharmProjects\PhoenixFamily\venv\Lib\site-packages\django\contrib\auth\management\__init__.py first seen with mtime 1732376604.210809
File C:\Users\abbas\PycharmProjects\PhoenixFamily\venv\Lib\site-packages\django\contrib\auth\decorators.py first seen with mtime 1732376603.8978477
File C:\Users\abbas\PycharmProjects\PhoenixFamily\venv\Lib\site-packages\django\core\management\color.py first seen with mtime 1732376606.9156823
File C:\Users\abbas\AppData\Local\Programs\Python\Python39\Lib\copy.py first seen with mtime 1652793310.0
File C:\Users\abbas\AppData\Local\Programs\Python\Python39\Lib\nturl2path.py first seen with mtime 1652793310.0
File C:\Users\abbas\AppData\Local\Programs\Python\Python39\Lib\wsgiref\util.py first seen with mtime 1652793312.0
File C:\Users\abbas\PycharmProjects\PhoenixFamily\venv\Lib\site-packages\django\core\checks\security\sessions.py first seen with mtime 1732376606.8786266
File C:\Users\abbas\AppData\Local\Programs\Python\Python39\Lib\pkgutil.py first seen with mtime 1652793310.0
File C:\Users\abbas\PycharmProjects\PhoenixFamily\venv\Lib\site-packages\django\utils\termcolors.py first seen with mtime 1732376607.3825545
File C:\Users\abbas\PycharmProjects\PhoenixFamily\venv\Lib\site-packages\sqlparse\engine\grouping.py first seen with mtime 1732376602.07587
File C:\Users\abbas\PycharmProjects\PhoenixFamily\Blog\models.py first seen with mtime 1732647534.546916
File C:\Users\abbas\PycharmProjects\PhoenixFamily\venv\Lib\site-packages\django\views\generic\base.py first seen with mtime 1732376607.421424
File C:\Users\abbas\PycharmProjects\PhoenixFamily\venv\Lib\site-packages\django\contrib\sites\models.py first seen with mtime 1732376606.4878147
File C:\Users\abbas\PycharmProjects\PhoenixFamily\venv\Lib\site-packages\django\views\generic\dates.py first seen with mtime 1732376607.4224224
File C:\Users\abbas\AppData\Local\Programs\Python\Python39\Lib\_bootlocale.py first seen with mtime 1652793310.0
File C:\Users\abbas\PycharmProjects\PhoenixFamily\venv\Lib\site-packages\django\middleware\cache.py first seen with mtime 1732376607.2428608
File C:\Users\abbas\AppData\Local\Programs\Python\Python39\Lib\asyncio\constants.py first seen with mtime 1652793310.0
File C:\Users\abbas\PycharmProjects\PhoenixFamily\venv\Lib\site-packages\django\db\backends\sqlite3\operations.py first seen with mtime 1732376607.0309
File C:\Users\abbas\PycharmProjects\PhoenixFamily\About\admin.py first seen with mtime 1732376933.1026547
File C:\Users\abbas\PycharmProjects\PhoenixFamily\venv\Lib\site-packages\django\core\checks\registry.py first seen with mtime 1732376606.8680494
File C:\Users\abbas\PycharmProjects\PhoenixFamily\venv\Lib\site-packages\django\forms\boundfield.py first seen with mtime 1732376607.1148913
File C:\Users\abbas\AppData\Local\Programs\Python\Python39\Lib\sre_compile.py first seen with mtime 1652793310.0
File C:\Users\abbas\AppData\Local\Programs\Python\Python39\Lib\asyncio\futures.py first seen with mtime 1652793310.0
File C:\Users\abbas\AppData\Local\Programs\Python\Python39\Lib\asyncio\__init__.py first seen with mtime 1652793310.0
File C:\Users\abbas\AppData\Local\Programs\Python\Python39\Lib\asyncio\sslproto.py first seen with mtime 1652793310.0
File C:\Users\abbas\PycharmProjects\PhoenixFamily\venv\Lib\site-packages\django\contrib\admin\templatetags\base.py first seen with mtime 1732376603.562678
File C:\Users\abbas\PycharmProjects\PhoenixFamily\venv\Lib\site-packages\django\contrib\admin\widgets.py first seen with mtime 1732376602.7643845
File C:\Users\abbas\AppData\Local\Programs\Python\Python39\DLLs\_ctypes.pyd first seen with mtime 1652793362.0
File C:\Users\abbas\PycharmProjects\PhoenixFamily\venv\Lib\site-packages\django\http\multipartparser.py first seen with mtime 1732376607.238008
File C:\Users\abbas\PycharmProjects\PhoenixFamily\venv\Lib\site-packages\django\utils\safestring.py first seen with mtime 1732376607.380402
File C:\Users\abbas\AppData\Local\Programs\Python\Python39\Lib\multiprocessing\process.py first seen with mtime 1652793310.0
File C:\Users\abbas\PycharmProjects\PhoenixFamily\venv\Lib\site-packages\django\db\backends\ddl_references.py first seen with mtime 1732376606.9699068
File C:\Users\abbas\AppData\Local\Programs\Python\Python39\Lib\copyreg.py first seen with mtime 1652793310.0
File C:\Users\abbas\PycharmProjects\PhoenixFamily\venv\Lib\site-packages\django\db\backends\base\__init__.py first seen with mtime 1732376606.9729404
File C:\Users\abbas\PycharmProjects\PhoenixFamily\venv\Lib\site-packages\django\db\models\indexes.py first seen with mtime 1732376607.0726206
File C:\Users\abbas\PycharmProjects\PhoenixFamily\venv\Lib\site-packages\django\db\__init__.py first seen with mtime 1732376606.965571
File C:\Users\abbas\PycharmProjects\PhoenixFamily\venv\Lib\site-packages\django\db\models\__init__.py first seen with mtime 1732376607.0618358
File C:\Users\abbas\PycharmProjects\PhoenixFamily\venv\Lib\site-packages\django\contrib\admin\__init__.py first seen with mtime 1732376602.7462478
File C:\Users\abbas\PycharmProjects\PhoenixFamily\venv\Lib\site-packages\rest_framework\negotiation.py first seen with mtime 1732966702.5152268
File C:\Users\abbas\PycharmProjects\PhoenixFamily\venv\Lib\site-packages\rest_framework\utils\json.py first seen with mtime 1732966702.854864
File C:\Users\abbas\PycharmProjects\PhoenixFamily\venv\Lib\site-packages\django\contrib\auth\tokens.py first seen with mtime 1732376603.9100575
File C:\Users\abbas\PycharmProjects\PhoenixFamily\venv\Lib\site-packages\django\template\defaultfilters.py first seen with mtime 1732376607.2589464
File C:\Users\abbas\PycharmProjects\PhoenixFamily\venv\Lib\site-packages\django\db\models\functions\__init__.py first seen with mtime 1732376607.0949557
File C:\Users\abbas\PycharmProjects\PhoenixFamily\venv\Lib\site-packages\django\utils\module_loading.py first seen with mtime 1732376607.3745835
File C:\Users\abbas\PycharmProjects\PhoenixFamily\venv\Lib\site-packages\django\db\models\manager.py first seen with mtime 1732376607.0750904
File C:\Users\abbas\AppData\Local\Programs\Python\Python39\Lib\asyncio\tasks.py first seen with mtime 1652793310.0
File C:\Users\abbas\AppData\Local\Programs\Python\Python39\Lib\gettext.py first seen with mtime 1652793310.0
File C:\Users\abbas\AppData\Local\Programs\Python\Python39\Lib\asyncio\staggered.py first seen with mtime 1652793310.0
File C:\Users\abbas\PycharmProjects\PhoenixFamily\venv\Lib\site-packages\sqlparse\cli.py first seen with mtime 1732376602.0640607
File C:\Users\abbas\AppData\Local\Programs\Python\Python39\DLLs\_zoneinfo.pyd first seen with mtime 1652793362.0
File C:\Users\abbas\PycharmProjects\PhoenixFamily\venv\Lib\site-packages\django\contrib\staticfiles\views.py first seen with mtime 1732376606.8265965
File C:\Users\abbas\PycharmProjects\PhoenixFamily\venv\Lib\site-packages\django\contrib\auth\admin.py first seen with mtime 1732376603.890854
File C:\Users\abbas\PycharmProjects\PhoenixFamily\venv\Lib\site-packages\django\db\migrations\__init__.py first seen with mtime 1732376607.0335898
File C:\Users\abbas\PycharmProjects\PhoenixFamily\manage.py first seen with mtime 1732376614.4287226
File C:\Users\abbas\AppData\Local\Programs\Python\Python39\Lib\http\client.py first seen with mtime 1652793310.0
File C:\Users\abbas\AppData\Local\Programs\Python\Python39\Lib\operator.py first seen with mtime 1652793310.0
File C:\Users\abbas\PycharmProjects\PhoenixFamily\PhoenixFamily\settings.py first seen with mtime 1733240707.6932497
File C:\Users\abbas\AppData\Local\Programs\Python\Python39\Lib\asyncio\log.py first seen with mtime 1652793310.0
File C:\Users\abbas\PycharmProjects\PhoenixFamily\venv\Lib\site-packages\django\core\checks\templates.py first seen with mtime 1732376606.8690453
File C:\Users\abbas\AppData\Local\Programs\Python\Python39\Lib\pathlib.py first seen with mtime 1652793310.0
File C:\Users\abbas\PycharmProjects\PhoenixFamily\venv\Lib\site-packages\django\urls\base.py first seen with mtime 1732376607.3096845
File C:\Users\abbas\AppData\Local\Programs\Python\Python39\Lib\quopri.py first seen with mtime 1652793310.0
File C:\Users\abbas\PycharmProjects\PhoenixFamily\venv\Lib\site-packages\django\contrib\staticfiles\management\__init__.py first seen with mtime 1732376606.827571
File C:\Users\abbas\PycharmProjects\PhoenixFamily\venv\Lib\site-packages\django\core\files\move.py first seen with mtime 1732376606.8829317
File C:\Users\abbas\PycharmProjects\PhoenixFamily\venv\Lib\site-packages\django\forms\utils.py first seen with mtime 1732376607.1241343
File C:\Users\abbas\AppData\Local\Programs\Python\Python39\Lib\email\headerregistry.py first seen with mtime 1652793310.0
File C:\Users\abbas\PycharmProjects\PhoenixFamily\venv\Lib\site-packages\django\contrib\postgres\forms\hstore.py first seen with mtime 1732376605.6252997
File C:\Users\abbas\PycharmProjects\PhoenixFamily\venv\Lib\site-packages\django\db\backends\sqlite3\__init__.py first seen with mtime 1732376607.0225537
File C:\Users\abbas\PycharmProjects\PhoenixFamily\About\__init__.py first seen with mtime 1732376933.122806
File C:\Users\abbas\PycharmProjects\PhoenixFamily\venv\Lib\site-packages\sqlparse\lexer.py first seen with mtime 1732376602.0690646
File C:\Users\abbas\PycharmProjects\PhoenixFamily\venv\Lib\site-packages\django\db\models\sql\__init__.py first seen with mtime 1732376607.1011891
File C:\Users\abbas\PycharmProjects\PhoenixFamily\Contact\models.py first seen with mtime 1732966560.391515
File C:\Users\abbas\AppData\Local\Programs\Python\Python39\Lib\shutil.py first seen with mtime 1652793310.0
File C:\Users\abbas\PycharmProjects\PhoenixFamily\venv\Lib\site-packages\django\core\handlers\exception.py first seen with mtime 1732376606.8982055
File C:\Users\abbas\PycharmProjects\PhoenixFamily\venv\Lib\site-packages\django\core\servers\basehttp.py first seen with mtime 1732376606.9645092
File C:\Users\abbas\PycharmProjects\PhoenixFamily\venv\Lib\site-packages\django\db\models\query_utils.py first seen with mtime 1732376607.0785987
File C:\Users\abbas\AppData\Local\Programs\Python\Python39\Lib\http\__init__.py first seen with mtime 1652793310.0
File C:\Users\abbas\AppData\Local\Programs\Python\Python39\Lib\email\feedparser.py first seen with mtime 1652793310.0
File C:\Users\abbas\PycharmProjects\PhoenixFamily\venv\Lib\site-packages\django\db\backends\sqlite3\_functions.py first seen with mtime 1732376607.0236156
File C:\Users\abbas\AppData\Local\Programs\Python\Python39\Lib\datetime.py first seen with mtime 1652793310.0
File C:\Users\abbas\PycharmProjects\PhoenixFamily\venv\Lib\site-packages\django\contrib\admin\helpers.py first seen with mtime 1732376602.7554083
File C:\Users\abbas\PycharmProjects\PhoenixFamily\venv\Lib\site-packages\django\conf\locale\__init__.py first seen with mtime 1732376602.3123364
File C:\Users\abbas\AppData\Local\Programs\Python\Python39\Lib\statistics.py first seen with mtime 1652793310.0
File C:\Users\abbas\PycharmProjects\PhoenixFamily\venv\Lib\site-packages\django\utils\deprecation.py first seen with mtime 1732376607.335374
File C:\Users\abbas\PycharmProjects\PhoenixFamily\venv\Lib\site-packages\sqlparse\filters\others.py first seen with mtime 1732376602.0805328
File C:\Users\abbas\AppData\Local\Programs\Python\Python39\Lib\email\base64mime.py first seen with mtime 1652793310.0
File C:\Users\abbas\PycharmProjects\PhoenixFamily\venv\Lib\site-packages\django\urls\resolvers.py first seen with mtime 1732376607.3148227
File C:\Users\abbas\AppData\Local\Programs\Python\Python39\DLLs\_decimal.pyd first seen with mtime 1652793362.0
File C:\Users\abbas\AppData\Local\Programs\Python\Python39\Lib\email\_header_value_parser.py first seen with mtime 1652793310.0
File C:\Users\abbas\AppData\Local\Programs\Python\Python39\Lib\json\__init__.py first seen with mtime 1652793310.0
File C:\Users\abbas\PycharmProjects\PhoenixFamily\venv\Lib\site-packages\django\conf\__init__.py first seen with mtime 1732376602.3037095
File C:\Users\abbas\PycharmProjects\PhoenixFamily\venv\Lib\site-packages\django\contrib\admin\templatetags\admin_urls.py first seen with mtime 1732376603.561476
File C:\Users\abbas\AppData\Local\Programs\Python\Python39\Lib\types.py first seen with mtime 1652793312.0
File C:\Users\abbas\PycharmProjects\PhoenixFamily\venv\Lib\site-packages\asgiref\sync.py first seen with mtime 1732376602.1947124
File C:\Users\abbas\PycharmProjects\PhoenixFamily\venv\Lib\site-packages\django\core\management\commands\runserver.py first seen with mtime 1732376606.940926
File C:\Users\abbas\PycharmProjects\PhoenixFamily\venv\Lib\site-packages\sqlparse\exceptions.py first seen with mtime 1732376602.0652008
File C:\Users\abbas\PycharmProjects\PhoenixFamily\venv\Lib\site-packages\django\db\models\fields\related_lookups.py first seen with mtime 1732376607.0915294
File C:\Users\abbas\PycharmProjects\PhoenixFamily\venv\Lib\site-packages\django\core\checks\security\base.py first seen with mtime 1732376606.8765802
File C:\Users\abbas\PycharmProjects\PhoenixFamily\User\models.py first seen with mtime 1732376955.7752962
File C:\Users\abbas\PycharmProjects\PhoenixFamily\venv\Lib\site-packages\django\contrib\auth\__init__.py first seen with mtime 1732376603.8897722
File C:\Users\abbas\PycharmProjects\PhoenixFamily\venv\Lib\site-packages\django\contrib\postgres\forms\array.py first seen with mtime 1732376605.6242776
File C:\Users\abbas\PycharmProjects\PhoenixFamily\venv\Lib\site-packages\django\contrib\messages\constants.py first seen with mtime 1732376605.5820405
File C:\Users\abbas\PycharmProjects\PhoenixFamily\venv\Lib\site-packages\django\contrib\messages\__init__.py first seen with mtime 1732376605.579033
File C:\Users\abbas\AppData\Local\Programs\Python\Python39\Lib\asyncio\base_subprocess.py first seen with mtime 1652793310.0
File C:\Users\abbas\PycharmProjects\PhoenixFamily\venv\Lib\site-packages\django\apps\__init__.py first seen with mtime 1732376602.3006191
File C:\Users\abbas\PycharmProjects\PhoenixFamily\venv\Lib\site-packages\django\core\management\__init__.py first seen with mtime 1732376606.9132123
File C:\Users\abbas\PycharmProjects\PhoenixFamily\venv\Lib\site-packages\django\core\cache\backends\base.py first seen with mtime 1732376606.8505452
File C:\Users\abbas\PycharmProjects\PhoenixFamily\venv\Lib\site-packages\django\views\__init__.py first seen with mtime 1732376607.402866
File C:\Users\abbas\PycharmProjects\PhoenixFamily\venv\Lib\site-packages\django\contrib\admin\sites.py first seen with mtime 1732376602.7609997
File C:\Users\abbas\PycharmProjects\PhoenixFamily\PhoenixFamily\__init__.py first seen with mtime 1732376614.4372144
File C:\Users\abbas\PycharmProjects\PhoenixFamily\venv\Lib\site-packages\django\core\checks\compatibility\__init__.py first seen with mtime 1732376606.8735104
File C:\Users\abbas\PycharmProjects\PhoenixFamily\venv\Lib\site-packages\django\core\handlers\asgi.py first seen with mtime 1732376606.8953707
File C:\Users\abbas\PycharmProjects\PhoenixFamily\venv\Lib\site-packages\rest_framework\reverse.py first seen with mtime 1732966702.5262892
File C:\Users\abbas\PycharmProjects\PhoenixFamily\venv\Lib\site-packages\rest_framework\utils\html.py first seen with mtime 1732966702.851921
File C:\Users\abbas\PycharmProjects\PhoenixFamily\venv\Lib\site-packages\django\utils\duration.py first seen with mtime 1732376607.3364403
File C:\Users\abbas\PycharmProjects\PhoenixFamily\venv\Lib\site-packages\django\core\cache\backends\filebased.py first seen with mtime 1732376606.8536665
File C:\Users\abbas\AppData\Local\Programs\Python\Python39\Lib\urllib\request.py first seen with mtime 1652793312.0
File C:\Users\abbas\PycharmProjects\PhoenixFamily\venv\Lib\site-packages\django\db\utils.py first seen with mtime 1732376606.9676018
File C:\Users\abbas\PycharmProjects\PhoenixFamily\venv\Lib\site-packages\asgiref\__init__.py first seen with mtime 1732376602.1890357
File C:\Users\abbas\AppData\Local\Programs\Python\Python39\Lib\dis.py first seen with mtime 1652793310.0
File C:\Users\abbas\PycharmProjects\PhoenixFamily\venv\Lib\site-packages\rest_framework\status.py first seen with mtime 1732966702.5303032
File C:\Users\abbas\PycharmProjects\PhoenixFamily\venv\Lib\site-packages\django\contrib\admin\utils.py first seen with mtime 1732376602.7630842
File C:\Users\abbas\PycharmProjects\PhoenixFamily\venv\Lib\site-packages\django\template\library.py first seen with mtime 1732376607.2648656
File C:\Users\abbas\PycharmProjects\PhoenixFamily\venv\Lib\site-packages\django\db\models\lookups.py first seen with mtime 1732376607.0736206
File C:\Users\abbas\PycharmProjects\PhoenixFamily\venv\Lib\site-packages\django\contrib\__init__.py first seen with mtime 1732376602.7452357
File C:\Users\abbas\PycharmProjects\PhoenixFamily\venv\Lib\site-packages\django\core\checks\files.py first seen with mtime 1732376606.8648202
File C:\Users\abbas\PycharmProjects\PhoenixFamily\templates\about.html first seen with mtime 1733180343.1479962
File C:\Users\abbas\PycharmProjects\PhoenixFamily\templates\blogs.html first seen with mtime 1733228908.3932028
File C:\Users\abbas\PycharmProjects\PhoenixFamily\templates\contact.html first seen with mtime 1733179200.8611116
File C:\Users\abbas\PycharmProjects\PhoenixFamily\templates\home.html first seen with mtime 1732648160.2158463
File C:\Users\abbas\PycharmProjects\PhoenixFamily\templates\products.html first seen with mtime 1732649353.8326943
File C:\Users\abbas\PycharmProjects\PhoenixFamily\venv\Lib\site-packages\django\contrib\auth\migrations\__init__.py first seen with mtime 1732376604.2304592
File C:\Users\abbas\PycharmProjects\PhoenixFamily\venv\Lib\site-packages\django\contrib\auth\migrations\0005_alter_user_last_login_null.py first seen with mtime 1732376604.2201564
File C:\Users\abbas\PycharmProjects\PhoenixFamily\venv\Lib\site-packages\django\db\migrations\loader.py first seen with mtime 1732376607.04174
File C:\Users\abbas\PycharmProjects\PhoenixFamily\Product\migrations\__init__.py first seen with mtime 1732376746.1808221
File C:\Users\abbas\PycharmProjects\PhoenixFamily\venv\Lib\site-packages\django\contrib\sessions\migrations\__init__.py first seen with mtime 1732376606.4657674
File C:\Users\abbas\PycharmProjects\PhoenixFamily\venv\Lib\site-packages\django\contrib\admin\migrations\0002_logentry_remove_auto_add.py first seen with mtime 1732376603.342435
File C:\Users\abbas\PycharmProjects\PhoenixFamily\venv\Lib\site-packages\django\middleware\clickjacking.py first seen with mtime 1732376607.2444124
File C:\Users\abbas\PycharmProjects\PhoenixFamily\venv\Lib\site-packages\django\contrib\auth\migrations\0007_alter_validators_add_error_messages.py first seen with mtime 1732376604.2232876
File C:\Users\abbas\PycharmProjects\PhoenixFamily\Blog\migrations\__init__.py first seen with mtime 1732647534.546916
File C:\Users\abbas\PycharmProjects\PhoenixFamily\venv\Lib\site-packages\django\contrib\sessions\exceptions.py first seen with mtime 1732376606.139465
File C:\Users\abbas\PycharmProjects\PhoenixFamily\venv\Lib\site-packages\django\contrib\auth\migrations\0006_require_contenttypes_0002.py first seen with mtime 1732376604.2222276
File C:\Users\abbas\PycharmProjects\PhoenixFamily\venv\Lib\site-packages\django\contrib\admin\migrations\__init__.py first seen with mtime 1732376603.3451805
File C:\Users\abbas\PycharmProjects\PhoenixFamily\venv\Lib\site-packages\django\contrib\contenttypes\migrations\0001_initial.py first seen with mtime 1732376604.5209439
File C:\Users\abbas\PycharmProjects\PhoenixFamily\venv\Lib\site-packages\django\contrib\auth\migrations\0002_alter_permission_name_max_length.py first seen with mtime 1732376604.216692
File C:\Users\abbas\PycharmProjects\PhoenixFamily\venv\Lib\site-packages\django\contrib\auth\migrations\0001_initial.py first seen with mtime 1732376604.2155633
File C:\Users\abbas\AppData\Local\Programs\Python\Python39\Lib\stringprep.py first seen with mtime 1652793310.0
File C:\Users\abbas\PycharmProjects\PhoenixFamily\venv\Lib\site-packages\django\db\migrations\recorder.py first seen with mtime 1732376607.0471184
File C:\Users\abbas\PycharmProjects\PhoenixFamily\venv\Lib\site-packages\django\contrib\sites\migrations\__init__.py first seen with mtime 1732376606.8122213
File C:\Users\abbas\PycharmProjects\PhoenixFamily\venv\Lib\site-packages\django\db\migrations\graph.py first seen with mtime 1732376607.0406642
File C:\Users\abbas\PycharmProjects\PhoenixFamily\venv\Lib\site-packages\django\middleware\common.py first seen with mtime 1732376607.2454646
File C:\Users\abbas\PycharmProjects\PhoenixFamily\venv\Lib\site-packages\django\contrib\admin\migrations\0003_logentry_add_action_flag_choices.py first seen with mtime 1732376603.3442528
File C:\Users\abbas\PycharmProjects\PhoenixFamily\PhoenixFamily\wsgi.py first seen with mtime 1732376614.4372144
File C:\Users\abbas\PycharmProjects\PhoenixFamily\venv\Lib\site-packages\django\contrib\sessions\backends\db.py first seen with mtime 1732376606.148487
File C:\Users\abbas\PycharmProjects\PhoenixFamily\venv\Lib\site-packages\django\contrib\auth\migrations\0004_alter_user_username_opts.py first seen with mtime 1732376604.2191465
File C:\Users\abbas\PycharmProjects\PhoenixFamily\Home\migrations\__init__.py first seen with mtime 1732376707.5576994
File C:\Users\abbas\PycharmProjects\PhoenixFamily\About\migrations\__init__.py first seen with mtime 1732376933.1240177
File C:\Users\abbas\PycharmProjects\PhoenixFamily\venv\Lib\site-packages\django\contrib\admin\migrations\0001_initial.py first seen with mtime 1732376603.342435
File C:\Users\abbas\PycharmProjects\PhoenixFamily\venv\Lib\site-packages\django\middleware\locale.py first seen with mtime 1732376607.2508245
File C:\Users\abbas\PycharmProjects\PhoenixFamily\User\migrations\__init__.py first seen with mtime 1732376955.7841277
File C:\Users\abbas\PycharmProjects\PhoenixFamily\venv\Lib\site-packages\django\contrib\auth\migrations\0012_alter_user_first_name_max_length.py first seen with mtime 1732376604.2294598
File C:\Users\abbas\PycharmProjects\PhoenixFamily\venv\Lib\site-packages\django\contrib\messages\middleware.py first seen with mtime 1732376605.5846083
File C:\Users\abbas\PycharmProjects\PhoenixFamily\venv\Lib\site-packages\django\contrib\contenttypes\migrations\0002_remove_content_type_name.py first seen with mtime 1732376604.5220768
File C:\Users\abbas\PycharmProjects\PhoenixFamily\venv\Lib\site-packages\django\contrib\auth\migrations\0003_alter_user_email_max_length.py first seen with mtime 1732376604.2180839
File C:\Users\abbas\PycharmProjects\PhoenixFamily\venv\Lib\site-packages\django\contrib\auth\migrations\0010_alter_group_name_max_length.py first seen with mtime 1732376604.2269654
File C:\Users\abbas\PycharmProjects\PhoenixFamily\venv\Lib\site-packages\django\contrib\auth\migrations\0011_update_proxy_permissions.py first seen with mtime 1732376604.2284076
File C:\Users\abbas\PycharmProjects\PhoenixFamily\Contact\migrations\__init__.py first seen with mtime 1732376924.3578715
File C:\Users\abbas\PycharmProjects\PhoenixFamily\venv\Lib\site-packages\django\contrib\sessions\migrations\0001_initial.py first seen with mtime 1732376606.464307
File C:\Users\abbas\PycharmProjects\PhoenixFamily\venv\Lib\site-packages\django\contrib\contenttypes\migrations\__init__.py first seen with mtime 1732376604.5244055
File C:\Users\abbas\PycharmProjects\PhoenixFamily\venv\Lib\site-packages\django\contrib\sessions\backends\base.py first seen with mtime 1732376606.1442966
File C:\Users\abbas\PycharmProjects\PhoenixFamily\venv\Lib\site-packages\django\contrib\sites\migrations\0001_initial.py first seen with mtime 1732376606.811167
File C:\Users\abbas\PycharmProjects\PhoenixFamily\venv\Lib\site-packages\django\contrib\sites\migrations\0002_alter_domain_unique.py first seen with mtime 1732376606.8122213
File C:\Users\abbas\AppData\Local\Programs\Python\Python39\Lib\encodings\idna.py first seen with mtime 1652793310.0
File C:\Users\abbas\PycharmProjects\PhoenixFamily\venv\Lib\site-packages\django\db\models\sql\compiler.py first seen with mtime 1732376607.1022105
File C:\Users\abbas\PycharmProjects\PhoenixFamily\venv\Lib\site-packages\django\contrib\auth\migrations\0008_alter_user_username_max_length.py first seen with mtime 1732376604.2248952
File C:\Users\abbas\PycharmProjects\PhoenixFamily\venv\Lib\site-packages\django\db\migrations\executor.py first seen with mtime 1732376607.039666
File C:\Users\abbas\PycharmProjects\PhoenixFamily\venv\Lib\site-packages\django\contrib\auth\migrations\0009_alter_user_last_name_max_length.py first seen with mtime 1732376604.2259068
